11.06.2020 21:19:22 Incoming message: /start from: ID 591342003 Kathy @NoWord
11.06.2020 21:19:22 NameError occurred, args=("name 'Tra_list' is not defined",)
Traceback (most recent call last):
  File "C:\Program Files (x86)\Python38-32\lib\site-packages\telebot\util.py", line 69, in run
    task(*args, **kwargs)
  File "C:\Users\EKAU.STARSPB\Desktop\BolnichkaBot\BB_bot.py", line 33, in get_text_messages
    elif message.text in Tra_list: #Move out into a sep function
NameError: name 'Tra_list' is not defined

11.06.2020 21:19:44 goodbye ('127.0.0.1', 14937)
11.06.2020 21:19:44 listener closed
11.06.2020 21:19:44 server has terminated
11.06.2020 21:19:50 Incoming message: /start from: ID 591342003 Kathy @NoWord
11.06.2020 21:19:53 Incoming message: /help from: ID 591342003 Kathy @NoWord
11.06.2020 21:24:53 goodbye ('127.0.0.1', 14943)
11.06.2020 21:24:53 listener closed
11.06.2020 21:24:53 server has terminated
11.06.2020 21:24:55 Incoming message: [sad] from: ID 591342003 Kathy @NoWord
11.06.2020 21:24:55 Incoming message: Smile from: ID 591342003 Kathy @NoWord
11.06.2020 21:24:59 Incoming message: /help from: ID 591342003 Kathy @NoWord
11.06.2020 21:29:45 goodbye ('127.0.0.1', 14962)
11.06.2020 21:29:45 listener closed
11.06.2020 21:29:45 server has terminated
11.06.2020 21:29:49 Incoming message: /help from: ID 591342003 Kathy @NoWord
11.06.2020 21:30:06 goodbye ('127.0.0.1', 14996)
11.06.2020 21:30:06 listener closed
11.06.2020 21:30:06 server has terminated
11.06.2020 21:30:09 Incoming message: /help from: ID 591342003 Kathy @NoWord
11.06.2020 21:32:05 goodbye ('127.0.0.1', 1030)
11.06.2020 21:32:05 listener closed
11.06.2020 21:32:05 server has terminated
11.06.2020 21:33:26 Incoming message: /help from: ID 591342003 Kathy @NoWord
11.06.2020 21:34:07 goodbye ('127.0.0.1', 1046)
11.06.2020 21:34:07 listener closed
11.06.2020 21:34:07 server has terminated
11.06.2020 21:34:08 Incoming message: /help from: ID 591342003 Kathy @NoWord
11.06.2020 21:35:26 goodbye ('127.0.0.1', 1056)
11.06.2020 21:35:26 listener closed
11.06.2020 21:35:26 server has terminated
11.06.2020 21:35:32 Incoming message: /help from: ID 591342003 Kathy @NoWord
11.06.2020 21:35:45 goodbye ('127.0.0.1', 1061)
11.06.2020 21:35:45 listener closed
11.06.2020 21:35:45 server has terminated
11.06.2020 21:35:48 Incoming message: /help from: ID 591342003 Kathy @NoWord
11.06.2020 21:37:10 goodbye ('127.0.0.1', 1065)
11.06.2020 21:37:10 listener closed
11.06.2020 21:37:10 server has terminated
11.06.2020 21:37:12 Incoming message: /help from: ID 591342003 Kathy @NoWord
11.06.2020 21:37:22 goodbye ('127.0.0.1', 1095)
11.06.2020 21:37:22 listener closed
11.06.2020 21:37:22 server has terminated
11.06.2020 21:37:28 Incoming message: /help from: ID 591342003 Kathy @NoWord
11.06.2020 21:38:49 Incoming message: Привет from: ID 591342003 Kathy @NoWord
11.06.2020 21:39:17 goodbye ('127.0.0.1', 1099)
11.06.2020 21:39:17 listener closed
11.06.2020 21:39:17 server has terminated
11.09.2020 11:22:11 Incoming message: /help from: ID 591342003 Kathy @NoWord
11.09.2020 11:22:22 Incoming message: /start from: ID 591342003 Kathy @NoWord
11.09.2020 11:27:31 goodbye ('127.0.0.1', 1355)
11.09.2020 11:27:31 listener closed
11.09.2020 11:27:31 server has terminated
11.09.2020 12:24:00 Incoming message: /Start from: ID 591342003 Kathy @NoWord
11.09.2020 12:24:26 Incoming message: /add_me from: ID 591342003 Kathy @NoWord
11.09.2020 12:24:26 NameError occurred, args=("name 'dsn' is not defined",)
Traceback (most recent call last):
  File "C:\Program Files (x86)\Python38-32\lib\site-packages\telebot\util.py", line 69, in run
    task(*args, **kwargs)
  File "C:\Users\EKAU.STARSPB\Desktop\BolnichkaBot\Tesrt.py", line 33, in Add_me_handler
    conn = ibm_db.connect(dsn, "", "")
NameError: name 'dsn' is not defined

11.09.2020 12:26:02 goodbye ('127.0.0.1', 2398)
11.09.2020 12:26:02 listener closed
11.09.2020 12:26:02 server has terminated
11.09.2020 12:26:20 Incoming message: /add_me from: ID 591342003 Kathy @NoWord
11.09.2020 12:26:46 goodbye ('127.0.0.1', 2430)
11.09.2020 12:26:46 listener closed
11.09.2020 12:26:46 server has terminated
11.09.2020 12:26:51 Incoming message: /add_me from: ID 591342003 Kathy @NoWord
11.09.2020 12:30:50 Incoming message: /start from: ID 362294998 aksel @Akselept
11.09.2020 12:30:58 Incoming message: Привет from: ID 362294998 aksel @Akselept
11.09.2020 12:31:16 Incoming message: /add_me from: ID 362294998 aksel @Akselept
11.09.2020 13:07:58 goodbye ('127.0.0.1', 2438)
11.09.2020 13:07:58 listener closed
11.09.2020 13:07:58 server has terminated
11.09.2020 13:08:37 Incoming message: /add_me from: ID 591342003 Kathy @NoWord
11.09.2020 13:11:25 goodbye ('127.0.0.1', 2691)
11.09.2020 13:11:25 listener closed
11.09.2020 13:11:25 server has terminated
11.09.2020 13:11:29 Incoming message: /add_me from: ID 591342003 Kathy @NoWord
11.09.2020 13:11:36 Incoming message: /add from: ID 591342003 Kathy @NoWord
11.09.2020 13:11:38 TypeError occurred, args=("bad operand type for unary +: 'str'",)
Traceback (most recent call last):
  File "C:\Users\EKAU.STARSPB\Desktop\BolnichkaBot\Tesrt.py", line 53, in Add_handler
    insertStmt = ibm_db.exec_immediate(conn, insertQuery)
Exception: [IBM][CLI Driver][DB2/LINUXX8664] SQL0803N  One or more values in the INSERT statement, UPDATE statement, or foreign key update caused by a DELETE statement are not valid because the primary key, unique constraint or unique index identified by "1" constrains table "XXR30091.BB_TABLE" from having duplicate values for the index key.  SQLSTATE=23505 SQLCODE=-803

During handling of the above exception, another exception occurred:

Traceback (most recent call last):
  File "C:\Program Files (x86)\Python38-32\lib\site-packages\telebot\util.py", line 69, in run
    task(*args, **kwargs)
  File "C:\Users\EKAU.STARSPB\Desktop\BolnichkaBot\Tesrt.py", line 61, in Add_handler
    log.info("Data insertion failed: User ",+user_id+username,+user_firstname)
TypeError: bad operand type for unary +: 'str'

11.09.2020 13:11:44 goodbye ('127.0.0.1', 2723)
11.09.2020 13:11:44 listener closed
11.09.2020 13:11:44 server has terminated
11.09.2020 13:12:03 goodbye ('127.0.0.1', 2730)
11.09.2020 13:12:03 listener closed
11.09.2020 13:12:03 server has terminated
11.09.2020 13:12:07 Incoming message: /add from: ID 591342003 Kathy @NoWord
11.09.2020 13:12:08 TypeError occurred, args=("bad operand type for unary +: 'str'",)
Traceback (most recent call last):
  File "C:\Users\EKAU.STARSPB\Desktop\BolnichkaBot\Tesrt.py", line 53, in Add_handler
    insertStmt = ibm_db.exec_immediate(conn, insertQuery)
Exception: [IBM][CLI Driver][DB2/LINUXX8664] SQL0803N  One or more values in the INSERT statement, UPDATE statement, or foreign key update caused by a DELETE statement are not valid because the primary key, unique constraint or unique index identified by "1" constrains table "XXR30091.BB_TABLE" from having duplicate values for the index key.  SQLSTATE=23505 SQLCODE=-803

During handling of the above exception, another exception occurred:

Traceback (most recent call last):
  File "C:\Program Files (x86)\Python38-32\lib\site-packages\telebot\util.py", line 69, in run
    task(*args, **kwargs)
  File "C:\Users\EKAU.STARSPB\Desktop\BolnichkaBot\Tesrt.py", line 61, in Add_handler
    log.info("Data insertion failed: User "+user_id+username,+user_firstname)
TypeError: bad operand type for unary +: 'str'

11.09.2020 13:12:43 goodbye ('127.0.0.1', 2735)
11.09.2020 13:12:43 listener closed
11.09.2020 13:12:43 server has terminated
11.09.2020 13:12:47 Incoming message: /add from: ID 591342003 Kathy @NoWord
11.09.2020 13:12:49 Data insertion failed: User 591342003NoWordKathy
11.09.2020 13:17:47 goodbye ('127.0.0.1', 2743)
11.09.2020 13:17:47 listener closed
11.09.2020 13:17:47 server has terminated
11.09.2020 13:17:53 Incoming message: /add from: ID 591342003 Kathy @NoWord
11.09.2020 13:17:54 Data insertion failed: User 591342003NoWordKathy
11.09.2020 13:23:02 goodbye ('127.0.0.1', 2763)
11.09.2020 13:23:02 listener closed
11.09.2020 13:23:02 server has terminated
11.09.2020 13:23:08 Incoming message: /add from: ID 591342003 Kathy @NoWord
11.09.2020 13:23:10 Data insertion failed: User 591342003NoWordKathy
11.09.2020 13:24:11 goodbye ('127.0.0.1', 2791)
11.09.2020 13:24:11 listener closed
11.09.2020 13:24:11 server has terminated
11.09.2020 13:24:19 Incoming message: /add from: ID 591342003 Kathy @NoWord
11.09.2020 13:24:21 Data insertion failed: User 591342003NoWordKathy
11.09.2020 13:26:03 goodbye ('127.0.0.1', 2799)
11.09.2020 13:26:03 listener closed
11.09.2020 13:26:03 server has terminated
11.09.2020 13:26:10 goodbye ('127.0.0.1', 2810)
11.09.2020 13:26:10 listener closed
11.09.2020 13:26:10 server has terminated
11.09.2020 13:26:15 Incoming message: /add from: ID 591342003 Kathy @NoWord
11.09.2020 13:26:17 Data insertion failed: User 591342003NoWordKathy
11.09.2020 13:26:58 goodbye ('127.0.0.1', 2814)
11.09.2020 13:26:58 listener closed
11.09.2020 13:26:58 server has terminated
11.09.2020 13:27:01 Incoming message: /add from: ID 591342003 Kathy @NoWord
11.09.2020 13:27:02 Data insertion failed: User 591342003 @NoWord Kathy
11.09.2020 13:28:13 Incoming message: /add from: ID 591342003 Kathy @NoWord
11.09.2020 13:28:15 Data insertion failed: User 591342003 @NoWord Kathy
11.09.2020 13:44:03 goodbye ('127.0.0.1', 2838)
11.09.2020 13:44:03 listener closed
11.09.2020 13:44:03 server has terminated
11.09.2020 14:06:58 Incoming message: Hi from: ID 591342003 Kathy @NoWord
11.09.2020 14:07:11 User tries to add his name into the DB: /addID 591342003 @NoWord Kathy
11.09.2020 14:07:12 Data inserted: User 591342003 @NoWord Kathy
11.09.2020 14:07:23 goodbye ('127.0.0.1', 3390)
11.09.2020 14:07:23 listener closed
11.09.2020 14:07:23 server has terminated
11.09.2020 14:07:49 User tries to withdraw his name from the DB: /deleteID 591342003 @NoWord Kathy
11.09.2020 14:07:50 Data deleted: User 591342003 @NoWord Kathy
11.09.2020 14:14:58 goodbye ('127.0.0.1', 3402)
11.09.2020 14:14:58 listener closed
11.09.2020 14:14:58 server has terminated
11.09.2020 14:19:04 Incoming message: Hi from: ID 591342003 Kathy @NoWord
11.09.2020 14:19:13 Incoming message: /start from: ID 591342003 Kathy @NoWord
11.09.2020 14:25:30 goodbye ('127.0.0.1', 3505)
11.09.2020 14:25:30 listener closed
11.09.2020 14:25:30 server has terminated
11.09.2020 14:49:02 Incoming message: /start from: ID 591342003 Kathy @NoWord
11.09.2020 14:49:17 goodbye ('127.0.0.1', 4016)
11.09.2020 14:49:17 listener closed
11.09.2020 14:49:17 server has terminated
11.09.2020 14:49:21 Incoming message: /start from: ID 591342003 Kathy @NoWord
11.09.2020 14:49:28 User tries to withdraw his name from the DB: /deleteID 591342003 @NoWord Kathy
11.09.2020 14:49:30 Data deleted: User 591342003 @NoWord Kathy
11.09.2020 14:49:33 User tries to withdraw his name from the DB: /deleteID 591342003 @NoWord Kathy
11.09.2020 14:49:34 Data deleted: User 591342003 @NoWord Kathy
11.09.2020 14:49:50 User tries to add his name into the DB: /addID 591342003 @NoWord Kathy
11.09.2020 14:49:51 Data inserted: User 591342003 @NoWord Kathy
11.09.2020 14:49:53 User tries to add his name into the DB: /addID 591342003 @NoWord Kathy
11.09.2020 14:49:54 Data insertion failed: User 591342003 @NoWord Kathy
11.09.2020 14:50:04 goodbye ('127.0.0.1', 4020)
11.09.2020 14:50:04 listener closed
11.09.2020 14:50:04 server has terminated
11.09.2020 14:50:31 User tries to withdraw his name from the DB: /deleteID 591342003 @NoWord Kathy
11.09.2020 14:50:32 Data deleted: User 591342003 @NoWord Kathy
11.09.2020 14:50:41 goodbye ('127.0.0.1', 4061)
11.09.2020 14:50:41 listener closed
11.09.2020 14:50:41 server has terminated
11.09.2020 15:03:43 goodbye ('127.0.0.1', 4292)
11.09.2020 15:03:43 listener closed
11.09.2020 15:03:43 server has terminated
11.09.2020 15:03:59 Incoming message: Танго from: ID 591342003 Kathy @NoWord
11.09.2020 15:04:06 User tries to add his name into the DB: /addID 591342003 @NoWord Kathy
11.09.2020 15:04:07 Data inserted: User 591342003 @NoWord Kathy
11.09.2020 15:04:11 Incoming message: Тел from: ID 591342003 Kathy @NoWord
11.09.2020 15:05:52 goodbye ('127.0.0.1', 4296)
11.09.2020 15:05:52 listener closed
11.09.2020 15:05:52 server has terminated
11.09.2020 15:08:10 goodbye ('127.0.0.1', 4313)
11.09.2020 15:08:10 listener closed
11.09.2020 15:08:10 server has terminated
11.09.2020 15:08:18 Incoming message: Танго from: ID 591342003 Kathy @NoWord
11.09.2020 15:09:30 goodbye ('127.0.0.1', 4388)
11.09.2020 15:09:30 listener closed
11.09.2020 15:09:30 server has terminated
11.09.2020 15:11:45 User tries to add his name into the DB: /addID 362294998 @Akselept aksel
11.09.2020 15:11:47 Data inserted: User 362294998 @Akselept aksel
11.09.2020 15:12:43 Incoming message: Лабуда даби даби ду from: ID 362294998 aksel @Akselept
11.09.2020 15:16:30 goodbye ('127.0.0.1', 4405)
11.09.2020 15:16:30 listener closed
11.09.2020 15:16:30 server has terminated
11.09.2020 15:16:42 Incoming message: Какой то ш мае ее р роз from: ID 591342003 Kathy @NoWord
11.09.2020 15:17:59 goodbye ('127.0.0.1', 4436)
11.09.2020 15:17:59 listener closed
11.09.2020 15:17:59 server has terminated
11.09.2020 15:18:05 Incoming message: Ьирььщ from: ID 591342003 Kathy @NoWord
11.09.2020 15:18:20 Incoming message: Рома from: ID 591342003 Kathy @NoWord
11.09.2020 15:18:27 Incoming message: Ты это слышишь? from: ID 591342003 Kathy @NoWord
11.09.2020 15:18:40 Incoming message: Птыщь бдыщь бдыщь from: ID 362294998 aksel @Akselept
11.09.2020 15:18:58 Incoming message: ) from: ID 362294998 aksel @Akselept
11.09.2020 15:19:03 Incoming message: Ок спс from: ID 591342003 Kathy @NoWord
11.09.2020 15:20:57 goodbye ('127.0.0.1', 4447)
11.09.2020 15:20:57 listener closed
11.09.2020 15:20:57 server has terminated
11.09.2020 15:21:05 Incoming message: Тест from: ID 591342003 Kathy @NoWord
11.09.2020 15:21:29 Incoming message: Работат from: ID 362294998 aksel @Akselept
11.09.2020 16:18:47 goodbye ('127.0.0.1', 4492)
11.09.2020 16:18:47 listener closed
11.09.2020 16:18:47 server has terminated
11.11.2020 11:35:32 Incoming message: Иногда from: ID 591342003 Kathy @NoWord
11.11.2020 11:35:42 Incoming message: ) from: ID 362294998 aksel @Akselept
11.11.2020 11:37:02 goodbye ('127.0.0.1', 3088)
11.11.2020 11:37:02 listener closed
11.11.2020 11:37:02 server has terminated
11.11.2020 11:37:04 Incoming message: За ааа днадралач from: ID 591342003 Kathy @NoWord
11.11.2020 11:37:17 goodbye ('127.0.0.1', 3119)
11.11.2020 11:37:17 listener closed
11.11.2020 11:37:17 server has terminated
11.11.2020 11:37:22 Incoming message: Сдрвлесндс from: ID 591342003 Kathy @NoWord
11.11.2020 11:40:43 goodbye ('127.0.0.1', 3126)
11.11.2020 11:40:43 listener closed
11.11.2020 11:40:43 server has terminated
11.11.2020 11:51:19 Incoming message: Левндаг from: ID 591342003 Kathy @NoWord
11.11.2020 11:51:29 Incoming message: Сбаладн from: ID 591342003 Kathy @NoWord
11.11.2020 11:54:18 goodbye ('127.0.0.1', 3210)
11.11.2020 11:54:18 listener closed
11.11.2020 11:54:18 server has terminated
11.11.2020 11:54:22 Incoming message: Анлвел from: ID 591342003 Kathy @NoWord
11.11.2020 11:56:01 goodbye ('127.0.0.1', 3225)
11.11.2020 11:56:01 listener closed
11.11.2020 11:56:01 server has terminated
11.11.2020 11:56:06 Incoming message: Чоаомл from: ID 591342003 Kathy @NoWord
11.11.2020 12:00:49 goodbye ('127.0.0.1', 3236)
11.11.2020 12:00:49 listener closed
11.11.2020 12:00:49 server has terminated
11.11.2020 12:01:21 Incoming message: Ты призываешь демонов? from: ID 362294998 aksel @Akselept
11.11.2020 12:01:21 Incoming message: Поименно? from: ID 362294998 aksel @Akselept
11.11.2020 12:01:28 Incoming message: Ижосшечше from: ID 591342003 Kathy @NoWord
11.11.2020 12:02:15 goodbye ('127.0.0.1', 3260)
11.11.2020 12:02:15 listener closed
11.11.2020 12:02:15 server has terminated
11.11.2020 12:02:19 Incoming message: 111 from: ID 591342003 Kathy @NoWord
11.11.2020 12:02:34 Incoming message: 333 from: ID 591342003 Kathy @NoWord
11.11.2020 12:02:39 Incoming message: 333 from: ID 591342003 Kathy @NoWord
11.11.2020 12:03:09 Incoming message: Йццц from: ID 591342003 Kathy @NoWord
11.11.2020 12:03:51 goodbye ('127.0.0.1', 3275)
11.11.2020 12:03:51 listener closed
11.11.2020 12:03:51 server has terminated
11.11.2020 12:03:55 Incoming message: Ппаат from: ID 591342003 Kathy @NoWord
11.11.2020 12:04:03 Incoming message: Кккасс from: ID 591342003 Kathy @NoWord
11.11.2020 12:04:14 Incoming message: Ппп from: ID 591342003 Kathy @NoWord
11.11.2020 12:13:44 goodbye ('127.0.0.1', 3296)
11.11.2020 12:13:44 listener closed
11.11.2020 12:13:44 server has terminated
11.11.2020 12:13:51 Incoming message: Мгмраач from: ID 591342003 Kathy @NoWord
11.11.2020 12:14:13 Incoming message: Рпас from: ID 591342003 Kathy @NoWord
11.11.2020 12:14:38 goodbye ('127.0.0.1', 3344)
11.11.2020 12:14:38 listener closed
11.11.2020 12:14:38 server has terminated
11.11.2020 12:14:45 Incoming message: Привет from: ID 591342003 Kathy @NoWord
11.11.2020 12:14:49 Incoming message: Add from: ID 591342003 Kathy @NoWord
11.11.2020 12:15:00 User tries to add his name into the DB: /addID 591342003 @NoWord Kathy
11.11.2020 12:15:02 Data insertion failed: User 591342003 @NoWord Kathy
11.11.2020 12:15:28 goodbye ('127.0.0.1', 3356)
11.11.2020 12:15:28 listener closed
11.11.2020 12:15:28 server has terminated
11.11.2020 12:15:43 Incoming message: Fffc from: ID 591342003 Kathy @NoWord
11.11.2020 12:15:57 goodbye ('127.0.0.1', 3371)
11.11.2020 12:15:57 listener closed
11.11.2020 12:15:57 server has terminated
11.11.2020 12:16:00 Incoming message: Bhai from: ID 591342003 Kathy @NoWord
11.11.2020 12:16:23 Incoming message: Rrrr from: ID 591342003 Kathy @NoWord
11.11.2020 12:17:06 goodbye ('127.0.0.1', 3379)
11.11.2020 12:17:06 listener closed
11.11.2020 12:17:06 server has terminated
11.11.2020 12:17:10 Incoming message: Vfd from: ID 591342003 Kathy @NoWord
11.11.2020 12:17:35 goodbye ('127.0.0.1', 3392)
11.11.2020 12:17:35 listener closed
11.11.2020 12:17:35 server has terminated
11.11.2020 12:17:41 Incoming message: Ffdd from: ID 591342003 Kathy @NoWord
11.11.2020 12:17:49 Incoming message: Gffg from: ID 591342003 Kathy @NoWord
11.11.2020 12:17:55 Incoming message: Gggggg from: ID 591342003 Kathy @NoWord
11.11.2020 12:18:22 goodbye ('127.0.0.1', 3404)
11.11.2020 12:18:22 listener closed
11.11.2020 12:18:22 server has terminated
11.11.2020 12:18:27 Incoming message: Fur7tiho from: ID 591342003 Kathy @NoWord
11.11.2020 12:18:33 Incoming message: Do dydfi from: ID 591342003 Kathy @NoWord
11.11.2020 14:39:01 goodbye ('127.0.0.1', 3415)
11.11.2020 14:39:01 listener closed
11.11.2020 14:39:01 server has terminated
11.11.2020 14:39:15 Incoming message: Гщошп from: ID 591342003 Kathy @NoWord
11.11.2020 14:39:22 Incoming message: Кресло from: ID 591342003 Kathy @NoWord
11.11.2020 14:39:51 goodbye ('127.0.0.1', 4283)
11.11.2020 14:39:51 listener closed
11.11.2020 14:39:51 server has terminated
11.11.2020 14:39:57 Incoming message: Ичрсом from: ID 591342003 Kathy @NoWord
11.11.2020 14:40:04 Incoming message: Ппвп from: ID 591342003 Kathy @NoWord
11.11.2020 14:40:21 Incoming message: Аарро from: ID 591342003 Kathy @NoWord
11.11.2020 14:41:27 goodbye ('127.0.0.1', 4294)
11.11.2020 14:41:27 listener closed
11.11.2020 14:41:27 server has terminated
11.11.2020 14:41:32 Incoming message: Раз from: ID 591342003 Kathy @NoWord
11.11.2020 14:45:03 goodbye ('127.0.0.1', 4306)
11.11.2020 14:45:03 listener closed
11.11.2020 14:45:03 server has terminated
11.11.2020 14:45:04 Incoming message: /start from: ID 1418210990 Kate @None
11.11.2020 14:45:08 Incoming message: /start from: ID 1418210990 Kate @None
11.11.2020 14:45:20 User tries to add his name into the DB: /addID 1418210990 @None Kate
11.11.2020 14:45:21 Data inserted: User 1418210990 @None Kate
11.11.2020 14:45:40 Incoming message: Do from: ID 591342003 Kathy @NoWord
11.11.2020 14:46:25 Incoming message: Село from: ID 1418210990 Kate @None
11.11.2020 14:54:16 goodbye ('127.0.0.1', 4320)
11.11.2020 14:54:16 listener closed
11.11.2020 14:54:16 server has terminated
11.11.2020 14:54:26 Incoming message: Иногда from: ID 591342003 Kathy @NoWord
11.11.2020 14:54:27 NameError occurred, args=("name 'logger' is not defined",)
Traceback (most recent call last):
  File "C:\Program Files (x86)\Python38-32\lib\site-packages\telebot\util.py", line 69, in run
    task(*args, **kwargs)
  File "C:\Users\EKAU.STARSPB\Desktop\BolnichkaBot\BB_bot.py", line 142, in callback_worker
    logger.info(call)
NameError: name 'logger' is not defined

11.11.2020 14:54:37 goodbye ('127.0.0.1', 4415)
11.11.2020 14:54:37 listener closed
11.11.2020 14:54:37 server has terminated
11.11.2020 14:54:48 Incoming message: Анализ from: ID 591342003 Kathy @NoWord
11.11.2020 14:54:49 {'game_short_name': None, 'chat_instance': '5741340203501352714', 'id': '2539794565352944694', 'from_user': {'id': 591342003, 'is_bot': False, 'first_name': 'Kathy', 'username': 'NoWord', 'last_name': None, 'language_code': 'ru', 'can_join_groups': None, 'can_read_all_group_messages': None, 'supports_inline_queries': None}, 'message': {'content_type': 'text', 'message_id': 407, 'from_user': <telebot.types.User object at 0x05B2DFB8>, 'date': 1605095689, 'chat': <telebot.types.Chat object at 0x05B2DFD0>, 'forward_from': None, 'forward_from_chat': None, 'forward_from_message_id': None, 'forward_signature': None, 'forward_date': None, 'reply_to_message': None, 'edit_date': None, 'media_group_id': None, 'author_signature': None, 'text': 'Разослать это сообщение волонтерам Больнички?', 'entities': None, 'caption_entities': None, 'audio': None, 'document': None, 'photo': None, 'sticker': None, 'video': None, 'video_note': None, 'voice': None, 'caption': None, 'contact': None, 'location': None, 'venue': None, 'animation': None, 'dice': None, 'new_chat_member': None, 'new_chat_members': None, 'left_chat_member': None, 'new_chat_title': None, 'new_chat_photo': None, 'delete_chat_photo': None, 'group_chat_created': None, 'supergroup_chat_created': None, 'channel_chat_created': None, 'migrate_to_chat_id': None, 'migrate_from_chat_id': None, 'pinned_message': None, 'invoice': None, 'successful_payment': None, 'connected_website': None, 'json': {'message_id': 407, 'from': {'id': 1479116142, 'is_bot': True, 'first_name': 'Благотворительная Больничка', 'username': 'BolnichkaBot'}, 'chat': {'id': 591342003, 'first_name': 'Kathy', 'username': 'NoWord', 'type': 'private'}, 'date': 1605095689, 'text': 'Разослать это сообщение волонтерам Больнички?', 'reply_markup': {'inline_keyboard': [[{'text': 'Да', 'callback_data': 'yes'}, {'text': 'Нет', 'callback_data': 'no'}]]}}}, 'data': 'yes', 'inline_message_id': None}
11.11.2020 14:55:07 Incoming message: Обращались from: ID 591342003 Kathy @NoWord
11.11.2020 14:55:08 {'game_short_name': None, 'chat_instance': '5741340203501352714', 'id': '2539794567846586724', 'from_user': {'id': 591342003, 'is_bot': False, 'first_name': 'Kathy', 'username': 'NoWord', 'last_name': None, 'language_code': 'ru', 'can_join_groups': None, 'can_read_all_group_messages': None, 'supports_inline_queries': None}, 'message': {'content_type': 'text', 'message_id': 414, 'from_user': <telebot.types.User object at 0x05B2DC70>, 'date': 1605095708, 'chat': <telebot.types.Chat object at 0x05B2DD00>, 'forward_from': None, 'forward_from_chat': None, 'forward_from_message_id': None, 'forward_signature': None, 'forward_date': None, 'reply_to_message': None, 'edit_date': None, 'media_group_id': None, 'author_signature': None, 'text': 'Разослать это сообщение волонтерам Больнички?', 'entities': None, 'caption_entities': None, 'audio': None, 'document': None, 'photo': None, 'sticker': None, 'video': None, 'video_note': None, 'voice': None, 'caption': None, 'contact': None, 'location': None, 'venue': None, 'animation': None, 'dice': None, 'new_chat_member': None, 'new_chat_members': None, 'left_chat_member': None, 'new_chat_title': None, 'new_chat_photo': None, 'delete_chat_photo': None, 'group_chat_created': None, 'supergroup_chat_created': None, 'channel_chat_created': None, 'migrate_to_chat_id': None, 'migrate_from_chat_id': None, 'pinned_message': None, 'invoice': None, 'successful_payment': None, 'connected_website': None, 'json': {'message_id': 414, 'from': {'id': 1479116142, 'is_bot': True, 'first_name': 'Благотворительная Больничка', 'username': 'BolnichkaBot'}, 'chat': {'id': 591342003, 'first_name': 'Kathy', 'username': 'NoWord', 'type': 'private'}, 'date': 1605095708, 'text': 'Разослать это сообщение волонтерам Больнички?', 'reply_markup': {'inline_keyboard': [[{'text': 'Да', 'callback_data': 'yes'}, {'text': 'Нет', 'callback_data': 'no'}]]}}}, 'data': 'yes', 'inline_message_id': None}
11.11.2020 15:01:39 goodbye ('127.0.0.1', 4421)
11.11.2020 15:01:39 listener closed
11.11.2020 15:01:39 server has terminated
11.11.2020 15:01:48 Incoming message: Сменил from: ID 591342003 Kathy @NoWord
11.11.2020 15:01:49 {'game_short_name': None, 'chat_instance': '5741340203501352714', 'id': '2539794567371731350', 'from_user': {'id': 591342003, 'is_bot': False, 'first_name': 'Kathy', 'username': 'NoWord', 'last_name': None, 'language_code': 'ru', 'can_join_groups': None, 'can_read_all_group_messages': None, 'supports_inline_queries': None}, 'message': {'content_type': 'text', 'message_id': 421, 'from_user': <telebot.types.User object at 0x05B2AC70>, 'date': 1605096109, 'chat': <telebot.types.Chat object at 0x05B2AD30>, 'forward_from': None, 'forward_from_chat': None, 'forward_from_message_id': None, 'forward_signature': None, 'forward_date': None, 'reply_to_message': None, 'edit_date': None, 'media_group_id': None, 'author_signature': None, 'text': 'Разослать это сообщение волонтерам Больнички?', 'entities': None, 'caption_entities': None, 'audio': None, 'document': None, 'photo': None, 'sticker': None, 'video': None, 'video_note': None, 'voice': None, 'caption': None, 'contact': None, 'location': None, 'venue': None, 'animation': None, 'dice': None, 'new_chat_member': None, 'new_chat_members': None, 'left_chat_member': None, 'new_chat_title': None, 'new_chat_photo': None, 'delete_chat_photo': None, 'group_chat_created': None, 'supergroup_chat_created': None, 'channel_chat_created': None, 'migrate_to_chat_id': None, 'migrate_from_chat_id': None, 'pinned_message': None, 'invoice': None, 'successful_payment': None, 'connected_website': None, 'json': {'message_id': 421, 'from': {'id': 1479116142, 'is_bot': True, 'first_name': 'Благотворительная Больничка', 'username': 'BolnichkaBot'}, 'chat': {'id': 591342003, 'first_name': 'Kathy', 'username': 'NoWord', 'type': 'private'}, 'date': 1605096109, 'text': 'Разослать это сообщение волонтерам Больнички?', 'reply_markup': {'inline_keyboard': [[{'text': 'Да', 'callback_data': 'yes'}, {'text': 'Нет', 'callback_data': 'no'}]]}}}, 'data': 'yes', 'inline_message_id': None}
11.11.2020 15:01:51 NameError occurred, args=("name 'tb' is not defined",)
Traceback (most recent call last):
  File "C:\Program Files (x86)\Python38-32\lib\site-packages\telebot\util.py", line 69, in run
    task(*args, **kwargs)
  File "C:\Users\EKAU.STARSPB\Desktop\BolnichkaBot\BB_bot.py", line 171, in callback_worker
    tb.send_message(chat_id, 'dgfdgh', reply_markup=markup)
NameError: name 'tb' is not defined

11.11.2020 15:02:04 goodbye ('127.0.0.1', 4477)
11.11.2020 15:02:04 listener closed
11.11.2020 15:02:04 server has terminated
11.11.2020 15:02:08 Incoming message: Под from: ID 591342003 Kathy @NoWord
11.11.2020 15:02:09 {'game_short_name': None, 'chat_instance': '5741340203501352714', 'id': '2539794565286247228', 'from_user': {'id': 591342003, 'is_bot': False, 'first_name': 'Kathy', 'username': 'NoWord', 'last_name': None, 'language_code': 'ru', 'can_join_groups': None, 'can_read_all_group_messages': None, 'supports_inline_queries': None}, 'message': {'content_type': 'text', 'message_id': 428, 'from_user': <telebot.types.User object at 0x05B2BE20>, 'date': 1605096129, 'chat': <telebot.types.Chat object at 0x05B2BE08>, 'forward_from': None, 'forward_from_chat': None, 'forward_from_message_id': None, 'forward_signature': None, 'forward_date': None, 'reply_to_message': None, 'edit_date': None, 'media_group_id': None, 'author_signature': None, 'text': 'Разослать это сообщение волонтерам Больнички?', 'entities': None, 'caption_entities': None, 'audio': None, 'document': None, 'photo': None, 'sticker': None, 'video': None, 'video_note': None, 'voice': None, 'caption': None, 'contact': None, 'location': None, 'venue': None, 'animation': None, 'dice': None, 'new_chat_member': None, 'new_chat_members': None, 'left_chat_member': None, 'new_chat_title': None, 'new_chat_photo': None, 'delete_chat_photo': None, 'group_chat_created': None, 'supergroup_chat_created': None, 'channel_chat_created': None, 'migrate_to_chat_id': None, 'migrate_from_chat_id': None, 'pinned_message': None, 'invoice': None, 'successful_payment': None, 'connected_website': None, 'json': {'message_id': 428, 'from': {'id': 1479116142, 'is_bot': True, 'first_name': 'Благотворительная Больничка', 'username': 'BolnichkaBot'}, 'chat': {'id': 591342003, 'first_name': 'Kathy', 'username': 'NoWord', 'type': 'private'}, 'date': 1605096129, 'text': 'Разослать это сообщение волонтерам Больнички?', 'reply_markup': {'inline_keyboard': [[{'text': 'Да', 'callback_data': 'yes'}, {'text': 'Нет', 'callback_data': 'no'}]]}}}, 'data': 'yes', 'inline_message_id': None}
11.11.2020 15:02:11 NameError occurred, args=("name 'chat_id' is not defined",)
Traceback (most recent call last):
  File "C:\Program Files (x86)\Python38-32\lib\site-packages\telebot\util.py", line 69, in run
    task(*args, **kwargs)
  File "C:\Users\EKAU.STARSPB\Desktop\BolnichkaBot\BB_bot.py", line 171, in callback_worker
    bot.send_message(chat_id, 'dgfdgh', reply_markup=markup)
NameError: name 'chat_id' is not defined

11.11.2020 15:02:30 goodbye ('127.0.0.1', 4484)
11.11.2020 15:02:30 listener closed
11.11.2020 15:02:30 server has terminated
11.11.2020 15:02:34 Incoming message: Период from: ID 591342003 Kathy @NoWord
11.11.2020 15:02:35 {'game_short_name': None, 'chat_instance': '5741340203501352714', 'id': '2539794565578120265', 'from_user': {'id': 591342003, 'is_bot': False, 'first_name': 'Kathy', 'username': 'NoWord', 'last_name': None, 'language_code': 'ru', 'can_join_groups': None, 'can_read_all_group_messages': None, 'supports_inline_queries': None}, 'message': {'content_type': 'text', 'message_id': 435, 'from_user': <telebot.types.User object at 0x05B2AD78>, 'date': 1605096155, 'chat': <telebot.types.Chat object at 0x05B2AC40>, 'forward_from': None, 'forward_from_chat': None, 'forward_from_message_id': None, 'forward_signature': None, 'forward_date': None, 'reply_to_message': None, 'edit_date': None, 'media_group_id': None, 'author_signature': None, 'text': 'Разослать это сообщение волонтерам Больнички?', 'entities': None, 'caption_entities': None, 'audio': None, 'document': None, 'photo': None, 'sticker': None, 'video': None, 'video_note': None, 'voice': None, 'caption': None, 'contact': None, 'location': None, 'venue': None, 'animation': None, 'dice': None, 'new_chat_member': None, 'new_chat_members': None, 'left_chat_member': None, 'new_chat_title': None, 'new_chat_photo': None, 'delete_chat_photo': None, 'group_chat_created': None, 'supergroup_chat_created': None, 'channel_chat_created': None, 'migrate_to_chat_id': None, 'migrate_from_chat_id': None, 'pinned_message': None, 'invoice': None, 'successful_payment': None, 'connected_website': None, 'json': {'message_id': 435, 'from': {'id': 1479116142, 'is_bot': True, 'first_name': 'Благотворительная Больничка', 'username': 'BolnichkaBot'}, 'chat': {'id': 591342003, 'first_name': 'Kathy', 'username': 'NoWord', 'type': 'private'}, 'date': 1605096155, 'text': 'Разослать это сообщение волонтерам Больнички?', 'reply_markup': {'inline_keyboard': [[{'text': 'Да', 'callback_data': 'yes'}, {'text': 'Нет', 'callback_data': 'no'}]]}}}, 'data': 'yes', 'inline_message_id': None}
11.11.2020 15:02:48 Incoming message: Чемодан from: ID 591342003 Kathy @NoWord
11.11.2020 15:02:49 {'game_short_name': None, 'chat_instance': '5741340203501352714', 'id': '2539794565821578627', 'from_user': {'id': 591342003, 'is_bot': False, 'first_name': 'Kathy', 'username': 'NoWord', 'last_name': None, 'language_code': 'ru', 'can_join_groups': None, 'can_read_all_group_messages': None, 'supports_inline_queries': None}, 'message': {'content_type': 'text', 'message_id': 443, 'from_user': <telebot.types.User object at 0x05B2A700>, 'date': 1605096169, 'chat': <telebot.types.Chat object at 0x05B2AF70>, 'forward_from': None, 'forward_from_chat': None, 'forward_from_message_id': None, 'forward_signature': None, 'forward_date': None, 'reply_to_message': None, 'edit_date': None, 'media_group_id': None, 'author_signature': None, 'text': 'Разослать это сообщение волонтерам Больнички?', 'entities': None, 'caption_entities': None, 'audio': None, 'document': None, 'photo': None, 'sticker': None, 'video': None, 'video_note': None, 'voice': None, 'caption': None, 'contact': None, 'location': None, 'venue': None, 'animation': None, 'dice': None, 'new_chat_member': None, 'new_chat_members': None, 'left_chat_member': None, 'new_chat_title': None, 'new_chat_photo': None, 'delete_chat_photo': None, 'group_chat_created': None, 'supergroup_chat_created': None, 'channel_chat_created': None, 'migrate_to_chat_id': None, 'migrate_from_chat_id': None, 'pinned_message': None, 'invoice': None, 'successful_payment': None, 'connected_website': None, 'json': {'message_id': 443, 'from': {'id': 1479116142, 'is_bot': True, 'first_name': 'Благотворительная Больничка', 'username': 'BolnichkaBot'}, 'chat': {'id': 591342003, 'first_name': 'Kathy', 'username': 'NoWord', 'type': 'private'}, 'date': 1605096169, 'text': 'Разослать это сообщение волонтерам Больнички?', 'reply_markup': {'inline_keyboard': [[{'text': 'Да', 'callback_data': 'yes'}, {'text': 'Нет', 'callback_data': 'no'}]]}}}, 'data': 'yes', 'inline_message_id': None}
11.11.2020 15:02:54 Incoming message: Через from: ID 591342003 Kathy @NoWord
11.11.2020 15:02:55 {'game_short_name': None, 'chat_instance': '5741340203501352714', 'id': '2539794567786230033', 'from_user': {'id': 591342003, 'is_bot': False, 'first_name': 'Kathy', 'username': 'NoWord', 'last_name': None, 'language_code': 'ru', 'can_join_groups': None, 'can_read_all_group_messages': None, 'supports_inline_queries': None}, 'message': {'content_type': 'text', 'message_id': 451, 'from_user': <telebot.types.User object at 0x05B2AD78>, 'date': 1605096175, 'chat': <telebot.types.Chat object at 0x05B2AD18>, 'forward_from': None, 'forward_from_chat': None, 'forward_from_message_id': None, 'forward_signature': None, 'forward_date': None, 'reply_to_message': None, 'edit_date': None, 'media_group_id': None, 'author_signature': None, 'text': 'Разослать это сообщение волонтерам Больнички?', 'entities': None, 'caption_entities': None, 'audio': None, 'document': None, 'photo': None, 'sticker': None, 'video': None, 'video_note': None, 'voice': None, 'caption': None, 'contact': None, 'location': None, 'venue': None, 'animation': None, 'dice': None, 'new_chat_member': None, 'new_chat_members': None, 'left_chat_member': None, 'new_chat_title': None, 'new_chat_photo': None, 'delete_chat_photo': None, 'group_chat_created': None, 'supergroup_chat_created': None, 'channel_chat_created': None, 'migrate_to_chat_id': None, 'migrate_from_chat_id': None, 'pinned_message': None, 'invoice': None, 'successful_payment': None, 'connected_website': None, 'json': {'message_id': 451, 'from': {'id': 1479116142, 'is_bot': True, 'first_name': 'Благотворительная Больничка', 'username': 'BolnichkaBot'}, 'chat': {'id': 591342003, 'first_name': 'Kathy', 'username': 'NoWord', 'type': 'private'}, 'date': 1605096175, 'text': 'Разослать это сообщение волонтерам Больнички?', 'reply_markup': {'inline_keyboard': [[{'text': 'Да', 'callback_data': 'yes'}, {'text': 'Нет', 'callback_data': 'no'}]]}}}, 'data': 'yes', 'inline_message_id': None}
11.11.2020 15:03:16 goodbye ('127.0.0.1', 4492)
11.11.2020 15:03:16 listener closed
11.11.2020 15:03:16 server has terminated
11.11.2020 15:03:21 Incoming message: Чиж from: ID 591342003 Kathy @NoWord
11.11.2020 15:03:23 {'game_short_name': None, 'chat_instance': '5741340203501352714', 'id': '2539794567427422808', 'from_user': {'id': 591342003, 'is_bot': False, 'first_name': 'Kathy', 'username': 'NoWord', 'last_name': None, 'language_code': 'ru', 'can_join_groups': None, 'can_read_all_group_messages': None, 'supports_inline_queries': None}, 'message': {'content_type': 'text', 'message_id': 459, 'from_user': <telebot.types.User object at 0x05B2CFE8>, 'date': 1605096203, 'chat': <telebot.types.Chat object at 0x05B2CEE0>, 'forward_from': None, 'forward_from_chat': None, 'forward_from_message_id': None, 'forward_signature': None, 'forward_date': None, 'reply_to_message': None, 'edit_date': None, 'media_group_id': None, 'author_signature': None, 'text': 'Разослать это сообщение волонтерам Больнички?', 'entities': None, 'caption_entities': None, 'audio': None, 'document': None, 'photo': None, 'sticker': None, 'video': None, 'video_note': None, 'voice': None, 'caption': None, 'contact': None, 'location': None, 'venue': None, 'animation': None, 'dice': None, 'new_chat_member': None, 'new_chat_members': None, 'left_chat_member': None, 'new_chat_title': None, 'new_chat_photo': None, 'delete_chat_photo': None, 'group_chat_created': None, 'supergroup_chat_created': None, 'channel_chat_created': None, 'migrate_to_chat_id': None, 'migrate_from_chat_id': None, 'pinned_message': None, 'invoice': None, 'successful_payment': None, 'connected_website': None, 'json': {'message_id': 459, 'from': {'id': 1479116142, 'is_bot': True, 'first_name': 'Благотворительная Больничка', 'username': 'BolnichkaBot'}, 'chat': {'id': 591342003, 'first_name': 'Kathy', 'username': 'NoWord', 'type': 'private'}, 'date': 1605096203, 'text': 'Разослать это сообщение волонтерам Больнички?', 'reply_markup': {'inline_keyboard': [[{'text': 'Да', 'callback_data': 'yes'}, {'text': 'Нет', 'callback_data': 'no'}]]}}}, 'data': 'yes', 'inline_message_id': None}
11.11.2020 15:03:29 Incoming message: Верх from: ID 591342003 Kathy @NoWord
11.11.2020 15:03:31 {'game_short_name': None, 'chat_instance': '5741340203501352714', 'id': '2539794564285199159', 'from_user': {'id': 591342003, 'is_bot': False, 'first_name': 'Kathy', 'username': 'NoWord', 'last_name': None, 'language_code': 'ru', 'can_join_groups': None, 'can_read_all_group_messages': None, 'supports_inline_queries': None}, 'message': {'content_type': 'text', 'message_id': 467, 'from_user': <telebot.types.User object at 0x05B2CE68>, 'date': 1605096211, 'chat': <telebot.types.Chat object at 0x05B2CE50>, 'forward_from': None, 'forward_from_chat': None, 'forward_from_message_id': None, 'forward_signature': None, 'forward_date': None, 'reply_to_message': None, 'edit_date': None, 'media_group_id': None, 'author_signature': None, 'text': 'Разослать это сообщение волонтерам Больнички?', 'entities': None, 'caption_entities': None, 'audio': None, 'document': None, 'photo': None, 'sticker': None, 'video': None, 'video_note': None, 'voice': None, 'caption': None, 'contact': None, 'location': None, 'venue': None, 'animation': None, 'dice': None, 'new_chat_member': None, 'new_chat_members': None, 'left_chat_member': None, 'new_chat_title': None, 'new_chat_photo': None, 'delete_chat_photo': None, 'group_chat_created': None, 'supergroup_chat_created': None, 'channel_chat_created': None, 'migrate_to_chat_id': None, 'migrate_from_chat_id': None, 'pinned_message': None, 'invoice': None, 'successful_payment': None, 'connected_website': None, 'json': {'message_id': 467, 'from': {'id': 1479116142, 'is_bot': True, 'first_name': 'Благотворительная Больничка', 'username': 'BolnichkaBot'}, 'chat': {'id': 591342003, 'first_name': 'Kathy', 'username': 'NoWord', 'type': 'private'}, 'date': 1605096211, 'text': 'Разослать это сообщение волонтерам Больнички?', 'reply_markup': {'inline_keyboard': [[{'text': 'Да', 'callback_data': 'yes'}, {'text': 'Нет', 'callback_data': 'no'}]]}}}, 'data': 'yes', 'inline_message_id': None}
11.11.2020 15:03:36 Incoming message: Смех from: ID 591342003 Kathy @NoWord
11.11.2020 15:03:37 {'game_short_name': None, 'chat_instance': '5741340203501352714', 'id': '2539794566850166559', 'from_user': {'id': 591342003, 'is_bot': False, 'first_name': 'Kathy', 'username': 'NoWord', 'last_name': None, 'language_code': 'ru', 'can_join_groups': None, 'can_read_all_group_messages': None, 'supports_inline_queries': None}, 'message': {'content_type': 'text', 'message_id': 475, 'from_user': <telebot.types.User object at 0x05B2CF28>, 'date': 1605096217, 'chat': <telebot.types.Chat object at 0x05B2CA60>, 'forward_from': None, 'forward_from_chat': None, 'forward_from_message_id': None, 'forward_signature': None, 'forward_date': None, 'reply_to_message': None, 'edit_date': None, 'media_group_id': None, 'author_signature': None, 'text': 'Разослать это сообщение волонтерам Больнички?', 'entities': None, 'caption_entities': None, 'audio': None, 'document': None, 'photo': None, 'sticker': None, 'video': None, 'video_note': None, 'voice': None, 'caption': None, 'contact': None, 'location': None, 'venue': None, 'animation': None, 'dice': None, 'new_chat_member': None, 'new_chat_members': None, 'left_chat_member': None, 'new_chat_title': None, 'new_chat_photo': None, 'delete_chat_photo': None, 'group_chat_created': None, 'supergroup_chat_created': None, 'channel_chat_created': None, 'migrate_to_chat_id': None, 'migrate_from_chat_id': None, 'pinned_message': None, 'invoice': None, 'successful_payment': None, 'connected_website': None, 'json': {'message_id': 475, 'from': {'id': 1479116142, 'is_bot': True, 'first_name': 'Благотворительная Больничка', 'username': 'BolnichkaBot'}, 'chat': {'id': 591342003, 'first_name': 'Kathy', 'username': 'NoWord', 'type': 'private'}, 'date': 1605096217, 'text': 'Разослать это сообщение волонтерам Больнички?', 'reply_markup': {'inline_keyboard': [[{'text': 'Да', 'callback_data': 'yes'}, {'text': 'Нет', 'callback_data': 'no'}]]}}}, 'data': 'yes', 'inline_message_id': None}
11.11.2020 15:04:13 goodbye ('127.0.0.1', 4505)
11.11.2020 15:04:13 listener closed
11.11.2020 15:04:13 server has terminated
11.11.2020 15:04:18 Incoming message: Аз from: ID 591342003 Kathy @NoWord
11.11.2020 15:04:20 {'game_short_name': None, 'chat_instance': '5741340203501352714', 'id': '2539794564953271876', 'from_user': {'id': 591342003, 'is_bot': False, 'first_name': 'Kathy', 'username': 'NoWord', 'last_name': None, 'language_code': 'ru', 'can_join_groups': None, 'can_read_all_group_messages': None, 'supports_inline_queries': None}, 'message': {'content_type': 'text', 'message_id': 483, 'from_user': <telebot.types.User object at 0x05B2CF70>, 'date': 1605096259, 'chat': <telebot.types.Chat object at 0x05B2CCE8>, 'forward_from': None, 'forward_from_chat': None, 'forward_from_message_id': None, 'forward_signature': None, 'forward_date': None, 'reply_to_message': None, 'edit_date': None, 'media_group_id': None, 'author_signature': None, 'text': 'Разослать это сообщение волонтерам Больнички?', 'entities': None, 'caption_entities': None, 'audio': None, 'document': None, 'photo': None, 'sticker': None, 'video': None, 'video_note': None, 'voice': None, 'caption': None, 'contact': None, 'location': None, 'venue': None, 'animation': None, 'dice': None, 'new_chat_member': None, 'new_chat_members': None, 'left_chat_member': None, 'new_chat_title': None, 'new_chat_photo': None, 'delete_chat_photo': None, 'group_chat_created': None, 'supergroup_chat_created': None, 'channel_chat_created': None, 'migrate_to_chat_id': None, 'migrate_from_chat_id': None, 'pinned_message': None, 'invoice': None, 'successful_payment': None, 'connected_website': None, 'json': {'message_id': 483, 'from': {'id': 1479116142, 'is_bot': True, 'first_name': 'Благотворительная Больничка', 'username': 'BolnichkaBot'}, 'chat': {'id': 591342003, 'first_name': 'Kathy', 'username': 'NoWord', 'type': 'private'}, 'date': 1605096259, 'text': 'Разослать это сообщение волонтерам Больнички?', 'reply_markup': {'inline_keyboard': [[{'text': 'Да', 'callback_data': 'yes'}, {'text': 'Нет', 'callback_data': 'no'}]]}}}, 'data': 'yes', 'inline_message_id': None}
11.11.2020 15:04:34 Incoming message: Англ from: ID 591342003 Kathy @NoWord
11.11.2020 15:04:35 {'game_short_name': None, 'chat_instance': '5741340203501352714', 'id': '2539794563664254989', 'from_user': {'id': 591342003, 'is_bot': False, 'first_name': 'Kathy', 'username': 'NoWord', 'last_name': None, 'language_code': 'ru', 'can_join_groups': None, 'can_read_all_group_messages': None, 'supports_inline_queries': None}, 'message': {'content_type': 'text', 'message_id': 486, 'from_user': <telebot.types.User object at 0x05B2CFE8>, 'date': 1605096275, 'chat': <telebot.types.Chat object at 0x05B60508>, 'forward_from': None, 'forward_from_chat': None, 'forward_from_message_id': None, 'forward_signature': None, 'forward_date': None, 'reply_to_message': None, 'edit_date': None, 'media_group_id': None, 'author_signature': None, 'text': 'Разослать это сообщение волонтерам Больнички?', 'entities': None, 'caption_entities': None, 'audio': None, 'document': None, 'photo': None, 'sticker': None, 'video': None, 'video_note': None, 'voice': None, 'caption': None, 'contact': None, 'location': None, 'venue': None, 'animation': None, 'dice': None, 'new_chat_member': None, 'new_chat_members': None, 'left_chat_member': None, 'new_chat_title': None, 'new_chat_photo': None, 'delete_chat_photo': None, 'group_chat_created': None, 'supergroup_chat_created': None, 'channel_chat_created': None, 'migrate_to_chat_id': None, 'migrate_from_chat_id': None, 'pinned_message': None, 'invoice': None, 'successful_payment': None, 'connected_website': None, 'json': {'message_id': 486, 'from': {'id': 1479116142, 'is_bot': True, 'first_name': 'Благотворительная Больничка', 'username': 'BolnichkaBot'}, 'chat': {'id': 591342003, 'first_name': 'Kathy', 'username': 'NoWord', 'type': 'private'}, 'date': 1605096275, 'text': 'Разослать это сообщение волонтерам Больнички?', 'reply_markup': {'inline_keyboard': [[{'text': 'Да', 'callback_data': 'yes'}, {'text': 'Нет', 'callback_data': 'no'}]]}}}, 'data': 'yes', 'inline_message_id': None}
11.11.2020 15:04:58 goodbye ('127.0.0.1', 4520)
11.11.2020 15:04:58 listener closed
11.11.2020 15:04:58 server has terminated
11.11.2020 15:05:03 Incoming message: Ваших from: ID 591342003 Kathy @NoWord
11.11.2020 15:05:04 {'game_short_name': None, 'chat_instance': '5741340203501352714', 'id': '2539794567406543164', 'from_user': {'id': 591342003, 'is_bot': False, 'first_name': 'Kathy', 'username': 'NoWord', 'last_name': None, 'language_code': 'ru', 'can_join_groups': None, 'can_read_all_group_messages': None, 'supports_inline_queries': None}, 'message': {'content_type': 'text', 'message_id': 489, 'from_user': <telebot.types.User object at 0x05B2DFA0>, 'date': 1605096304, 'chat': <telebot.types.Chat object at 0x05B2DF88>, 'forward_from': None, 'forward_from_chat': None, 'forward_from_message_id': None, 'forward_signature': None, 'forward_date': None, 'reply_to_message': None, 'edit_date': None, 'media_group_id': None, 'author_signature': None, 'text': 'Разослать это сообщение волонтерам Больнички?', 'entities': None, 'caption_entities': None, 'audio': None, 'document': None, 'photo': None, 'sticker': None, 'video': None, 'video_note': None, 'voice': None, 'caption': None, 'contact': None, 'location': None, 'venue': None, 'animation': None, 'dice': None, 'new_chat_member': None, 'new_chat_members': None, 'left_chat_member': None, 'new_chat_title': None, 'new_chat_photo': None, 'delete_chat_photo': None, 'group_chat_created': None, 'supergroup_chat_created': None, 'channel_chat_created': None, 'migrate_to_chat_id': None, 'migrate_from_chat_id': None, 'pinned_message': None, 'invoice': None, 'successful_payment': None, 'connected_website': None, 'json': {'message_id': 489, 'from': {'id': 1479116142, 'is_bot': True, 'first_name': 'Благотворительная Больничка', 'username': 'BolnichkaBot'}, 'chat': {'id': 591342003, 'first_name': 'Kathy', 'username': 'NoWord', 'type': 'private'}, 'date': 1605096304, 'text': 'Разослать это сообщение волонтерам Больнички?', 'reply_markup': {'inline_keyboard': [[{'text': 'Да', 'callback_data': 'yes'}, {'text': 'Нет', 'callback_data': 'no'}]]}}}, 'data': 'yes', 'inline_message_id': None}
11.11.2020 15:05:09 Incoming message: Его from: ID 591342003 Kathy @NoWord
11.11.2020 15:05:10 {'game_short_name': None, 'chat_instance': '5741340203501352714', 'id': '2539794564777709218', 'from_user': {'id': 591342003, 'is_bot': False, 'first_name': 'Kathy', 'username': 'NoWord', 'last_name': None, 'language_code': 'ru', 'can_join_groups': None, 'can_read_all_group_messages': None, 'supports_inline_queries': None}, 'message': {'content_type': 'text', 'message_id': 496, 'from_user': <telebot.types.User object at 0x05B2DF10>, 'date': 1605096310, 'chat': <telebot.types.Chat object at 0x05B2DE80>, 'forward_from': None, 'forward_from_chat': None, 'forward_from_message_id': None, 'forward_signature': None, 'forward_date': None, 'reply_to_message': None, 'edit_date': None, 'media_group_id': None, 'author_signature': None, 'text': 'Разослать это сообщение волонтерам Больнички?', 'entities': None, 'caption_entities': None, 'audio': None, 'document': None, 'photo': None, 'sticker': None, 'video': None, 'video_note': None, 'voice': None, 'caption': None, 'contact': None, 'location': None, 'venue': None, 'animation': None, 'dice': None, 'new_chat_member': None, 'new_chat_members': None, 'left_chat_member': None, 'new_chat_title': None, 'new_chat_photo': None, 'delete_chat_photo': None, 'group_chat_created': None, 'supergroup_chat_created': None, 'channel_chat_created': None, 'migrate_to_chat_id': None, 'migrate_from_chat_id': None, 'pinned_message': None, 'invoice': None, 'successful_payment': None, 'connected_website': None, 'json': {'message_id': 496, 'from': {'id': 1479116142, 'is_bot': True, 'first_name': 'Благотворительная Больничка', 'username': 'BolnichkaBot'}, 'chat': {'id': 591342003, 'first_name': 'Kathy', 'username': 'NoWord', 'type': 'private'}, 'date': 1605096310, 'text': 'Разослать это сообщение волонтерам Больнички?', 'reply_markup': {'inline_keyboard': [[{'text': 'Да', 'callback_data': 'yes'}, {'text': 'Нет', 'callback_data': 'no'}]]}}}, 'data': 'yes', 'inline_message_id': None}
11.11.2020 15:05:13 Incoming message: Период from: ID 591342003 Kathy @NoWord
11.11.2020 15:05:15 {'game_short_name': None, 'chat_instance': '5741340203501352714', 'id': '2539794564900175182', 'from_user': {'id': 591342003, 'is_bot': False, 'first_name': 'Kathy', 'username': 'NoWord', 'last_name': None, 'language_code': 'ru', 'can_join_groups': None, 'can_read_all_group_messages': None, 'supports_inline_queries': None}, 'message': {'content_type': 'text', 'message_id': 503, 'from_user': <telebot.types.User object at 0x05B616D0>, 'date': 1605096315, 'chat': <telebot.types.Chat object at 0x05B617A8>, 'forward_from': None, 'forward_from_chat': None, 'forward_from_message_id': None, 'forward_signature': None, 'forward_date': None, 'reply_to_message': None, 'edit_date': None, 'media_group_id': None, 'author_signature': None, 'text': 'Разослать это сообщение волонтерам Больнички?', 'entities': None, 'caption_entities': None, 'audio': None, 'document': None, 'photo': None, 'sticker': None, 'video': None, 'video_note': None, 'voice': None, 'caption': None, 'contact': None, 'location': None, 'venue': None, 'animation': None, 'dice': None, 'new_chat_member': None, 'new_chat_members': None, 'left_chat_member': None, 'new_chat_title': None, 'new_chat_photo': None, 'delete_chat_photo': None, 'group_chat_created': None, 'supergroup_chat_created': None, 'channel_chat_created': None, 'migrate_to_chat_id': None, 'migrate_from_chat_id': None, 'pinned_message': None, 'invoice': None, 'successful_payment': None, 'connected_website': None, 'json': {'message_id': 503, 'from': {'id': 1479116142, 'is_bot': True, 'first_name': 'Благотворительная Больничка', 'username': 'BolnichkaBot'}, 'chat': {'id': 591342003, 'first_name': 'Kathy', 'username': 'NoWord', 'type': 'private'}, 'date': 1605096315, 'text': 'Разослать это сообщение волонтерам Больнички?', 'reply_markup': {'inline_keyboard': [[{'text': 'Да', 'callback_data': 'yes'}, {'text': 'Нет', 'callback_data': 'no'}]]}}}, 'data': 'yes', 'inline_message_id': None}
11.11.2020 15:05:20 Incoming message: Играл from: ID 591342003 Kathy @NoWord
11.11.2020 15:05:22 {'game_short_name': None, 'chat_instance': '5741340203501352714', 'id': '2539794564882209581', 'from_user': {'id': 591342003, 'is_bot': False, 'first_name': 'Kathy', 'username': 'NoWord', 'last_name': None, 'language_code': 'ru', 'can_join_groups': None, 'can_read_all_group_messages': None, 'supports_inline_queries': None}, 'message': {'content_type': 'text', 'message_id': 510, 'from_user': <telebot.types.User object at 0x05B615E0>, 'date': 1605096322, 'chat': <telebot.types.Chat object at 0x05B613E8>, 'forward_from': None, 'forward_from_chat': None, 'forward_from_message_id': None, 'forward_signature': None, 'forward_date': None, 'reply_to_message': None, 'edit_date': None, 'media_group_id': None, 'author_signature': None, 'text': 'Разослать это сообщение волонтерам Больнички?', 'entities': None, 'caption_entities': None, 'audio': None, 'document': None, 'photo': None, 'sticker': None, 'video': None, 'video_note': None, 'voice': None, 'caption': None, 'contact': None, 'location': None, 'venue': None, 'animation': None, 'dice': None, 'new_chat_member': None, 'new_chat_members': None, 'left_chat_member': None, 'new_chat_title': None, 'new_chat_photo': None, 'delete_chat_photo': None, 'group_chat_created': None, 'supergroup_chat_created': None, 'channel_chat_created': None, 'migrate_to_chat_id': None, 'migrate_from_chat_id': None, 'pinned_message': None, 'invoice': None, 'successful_payment': None, 'connected_website': None, 'json': {'message_id': 510, 'from': {'id': 1479116142, 'is_bot': True, 'first_name': 'Благотворительная Больничка', 'username': 'BolnichkaBot'}, 'chat': {'id': 591342003, 'first_name': 'Kathy', 'username': 'NoWord', 'type': 'private'}, 'date': 1605096322, 'text': 'Разослать это сообщение волонтерам Больнички?', 'reply_markup': {'inline_keyboard': [[{'text': 'Да', 'callback_data': 'yes'}, {'text': 'Нет', 'callback_data': 'no'}]]}}}, 'data': 'yes', 'inline_message_id': None}
11.11.2020 15:10:17 goodbye ('127.0.0.1', 4532)
11.11.2020 15:10:17 listener closed
11.11.2020 15:10:17 server has terminated
11.11.2020 15:10:19 Incoming message: Пчих from: ID 362294998 aksel @Akselept
11.11.2020 15:10:19 Incoming message: Пых from: ID 362294998 aksel @Akselept
11.11.2020 15:10:19 NameError occurred, args=("name 'self' is not defined",)
Traceback (most recent call last):
  File "C:\Program Files (x86)\Python38-32\lib\site-packages\telebot\util.py", line 69, in run
    task(*args, **kwargs)
  File "C:\Users\EKAU.STARSPB\Desktop\BolnichkaBot\BB_bot.py", line 169, in get_text_messages
    @bot.clear_reply_handlers(self, message)
NameError: name 'self' is not defined

11.11.2020 15:10:19 Incoming message: Шмых from: ID 362294998 aksel @Akselept
11.11.2020 15:10:19 NameError occurred, args=("name 'self' is not defined",)
Traceback (most recent call last):
  File "C:\Program Files (x86)\Python38-32\lib\site-packages\telebot\util.py", line 69, in run
    task(*args, **kwargs)
  File "C:\Users\EKAU.STARSPB\Desktop\BolnichkaBot\BB_bot.py", line 169, in get_text_messages
    @bot.clear_reply_handlers(self, message)
NameError: name 'self' is not defined

11.11.2020 15:10:19 NameError occurred, args=("name 'self' is not defined",)
Traceback (most recent call last):
  File "C:\Program Files (x86)\Python38-32\lib\site-packages\telebot\util.py", line 69, in run
    task(*args, **kwargs)
  File "C:\Users\EKAU.STARSPB\Desktop\BolnichkaBot\BB_bot.py", line 169, in get_text_messages
    @bot.clear_reply_handlers(self, message)
NameError: name 'self' is not defined

11.11.2020 15:10:31 goodbye ('127.0.0.1', 4557)
11.11.2020 15:10:31 listener closed
11.11.2020 15:10:31 server has terminated
11.11.2020 15:10:41 Incoming message: Пришли from: ID 591342003 Kathy @NoWord
11.11.2020 15:10:41 TypeError occurred, args=("'NoneType' object is not callable",)
Traceback (most recent call last):
  File "C:\Program Files (x86)\Python38-32\lib\site-packages\telebot\util.py", line 69, in run
    task(*args, **kwargs)
  File "C:\Users\EKAU.STARSPB\Desktop\BolnichkaBot\BB_bot.py", line 170, in get_text_messages
    def clear():
TypeError: 'NoneType' object is not callable

11.11.2020 15:10:42 {'game_short_name': None, 'chat_instance': '5741340203501352714', 'id': '2539794563953947910', 'from_user': {'id': 591342003, 'is_bot': False, 'first_name': 'Kathy', 'username': 'NoWord', 'last_name': None, 'language_code': 'ru', 'can_join_groups': None, 'can_read_all_group_messages': None, 'supports_inline_queries': None}, 'message': {'content_type': 'text', 'message_id': 523, 'from_user': <telebot.types.User object at 0x05B2CC88>, 'date': 1605096642, 'chat': <telebot.types.Chat object at 0x05B2CD48>, 'forward_from': None, 'forward_from_chat': None, 'forward_from_message_id': None, 'forward_signature': None, 'forward_date': None, 'reply_to_message': None, 'edit_date': None, 'media_group_id': None, 'author_signature': None, 'text': 'Разослать это сообщение волонтерам Больнички?', 'entities': None, 'caption_entities': None, 'audio': None, 'document': None, 'photo': None, 'sticker': None, 'video': None, 'video_note': None, 'voice': None, 'caption': None, 'contact': None, 'location': None, 'venue': None, 'animation': None, 'dice': None, 'new_chat_member': None, 'new_chat_members': None, 'left_chat_member': None, 'new_chat_title': None, 'new_chat_photo': None, 'delete_chat_photo': None, 'group_chat_created': None, 'supergroup_chat_created': None, 'channel_chat_created': None, 'migrate_to_chat_id': None, 'migrate_from_chat_id': None, 'pinned_message': None, 'invoice': None, 'successful_payment': None, 'connected_website': None, 'json': {'message_id': 523, 'from': {'id': 1479116142, 'is_bot': True, 'first_name': 'Благотворительная Больничка', 'username': 'BolnichkaBot'}, 'chat': {'id': 591342003, 'first_name': 'Kathy', 'username': 'NoWord', 'type': 'private'}, 'date': 1605096642, 'text': 'Разослать это сообщение волонтерам Больнички?', 'reply_markup': {'inline_keyboard': [[{'text': 'Да', 'callback_data': 'yes'}, {'text': 'Нет', 'callback_data': 'no'}]]}}}, 'data': 'yes', 'inline_message_id': None}
11.11.2020 15:10:57 goodbye ('127.0.0.1', 4562)
11.11.2020 15:10:57 listener closed
11.11.2020 15:10:57 server has terminated
11.11.2020 15:11:00 Incoming message: Вид from: ID 591342003 Kathy @NoWord
11.11.2020 15:11:00 TypeError occurred, args=("'NoneType' object is not callable",)
Traceback (most recent call last):
  File "C:\Program Files (x86)\Python38-32\lib\site-packages\telebot\util.py", line 69, in run
    task(*args, **kwargs)
  File "C:\Users\EKAU.STARSPB\Desktop\BolnichkaBot\BB_bot.py", line 170, in get_text_messages
    def clear(message):
TypeError: 'NoneType' object is not callable

11.11.2020 15:11:16 goodbye ('127.0.0.1', 4570)
11.11.2020 15:11:16 listener closed
11.11.2020 15:11:16 server has terminated
11.11.2020 15:11:20 Incoming message: Верх from: ID 591342003 Kathy @NoWord
11.11.2020 15:11:20 TypeError occurred, args=("'NoneType' object is not callable",)
Traceback (most recent call last):
  File "C:\Program Files (x86)\Python38-32\lib\site-packages\telebot\util.py", line 69, in run
    task(*args, **kwargs)
  File "C:\Users\EKAU.STARSPB\Desktop\BolnichkaBot\BB_bot.py", line 170, in get_text_messages
    def new_clear(message):
TypeError: 'NoneType' object is not callable

11.11.2020 15:11:21 {'game_short_name': None, 'chat_instance': '5741340203501352714', 'id': '2539794566113392891', 'from_user': {'id': 591342003, 'is_bot': False, 'first_name': 'Kathy', 'username': 'NoWord', 'last_name': None, 'language_code': 'ru', 'can_join_groups': None, 'can_read_all_group_messages': None, 'supports_inline_queries': None}, 'message': {'content_type': 'text', 'message_id': 532, 'from_user': <telebot.types.User object at 0x05B2CE20>, 'date': 1605096681, 'chat': <telebot.types.Chat object at 0x05B2CFD0>, 'forward_from': None, 'forward_from_chat': None, 'forward_from_message_id': None, 'forward_signature': None, 'forward_date': None, 'reply_to_message': None, 'edit_date': None, 'media_group_id': None, 'author_signature': None, 'text': 'Разослать это сообщение волонтерам Больнички?', 'entities': None, 'caption_entities': None, 'audio': None, 'document': None, 'photo': None, 'sticker': None, 'video': None, 'video_note': None, 'voice': None, 'caption': None, 'contact': None, 'location': None, 'venue': None, 'animation': None, 'dice': None, 'new_chat_member': None, 'new_chat_members': None, 'left_chat_member': None, 'new_chat_title': None, 'new_chat_photo': None, 'delete_chat_photo': None, 'group_chat_created': None, 'supergroup_chat_created': None, 'channel_chat_created': None, 'migrate_to_chat_id': None, 'migrate_from_chat_id': None, 'pinned_message': None, 'invoice': None, 'successful_payment': None, 'connected_website': None, 'json': {'message_id': 532, 'from': {'id': 1479116142, 'is_bot': True, 'first_name': 'Благотворительная Больничка', 'username': 'BolnichkaBot'}, 'chat': {'id': 591342003, 'first_name': 'Kathy', 'username': 'NoWord', 'type': 'private'}, 'date': 1605096681, 'text': 'Разослать это сообщение волонтерам Больнички?', 'reply_markup': {'inline_keyboard': [[{'text': 'Да', 'callback_data': 'yes'}, {'text': 'Нет', 'callback_data': 'no'}]]}}}, 'data': 'yes', 'inline_message_id': None}
11.11.2020 15:11:43 goodbye ('127.0.0.1', 4574)
11.11.2020 15:11:43 listener closed
11.11.2020 15:11:43 server has terminated
11.11.2020 15:12:16 Incoming message: Верх from: ID 591342003 Kathy @NoWord
11.11.2020 15:12:17 TypeError occurred, args=("'NoneType' object is not callable",)
Traceback (most recent call last):
  File "C:\Program Files (x86)\Python38-32\lib\site-packages\telebot\util.py", line 69, in run
    task(*args, **kwargs)
  File "C:\Users\EKAU.STARSPB\Desktop\BolnichkaBot\BB_bot.py", line 170, in get_text_messages
    def clear_1():
TypeError: 'NoneType' object is not callable

11.11.2020 15:12:31 goodbye ('127.0.0.1', 4589)
11.11.2020 15:12:31 listener closed
11.11.2020 15:12:31 server has terminated
11.11.2020 15:12:40 Incoming message: Аз from: ID 591342003 Kathy @NoWord
11.11.2020 15:12:40 TypeError occurred, args=("'NoneType' object is not callable",)
Traceback (most recent call last):
  File "C:\Program Files (x86)\Python38-32\lib\site-packages\telebot\util.py", line 69, in run
    task(*args, **kwargs)
  File "C:\Users\EKAU.STARSPB\Desktop\BolnichkaBot\BB_bot.py", line 170, in get_text_messages
    def clear_1(message):
TypeError: 'NoneType' object is not callable

11.11.2020 15:13:06 goodbye ('127.0.0.1', 4594)
11.11.2020 15:13:06 listener closed
11.11.2020 15:13:06 server has terminated
11.11.2020 15:13:12 Incoming message: Анализ from: ID 591342003 Kathy @NoWord
11.11.2020 15:13:12 AttributeError occurred, args=("'str' object has no attribute 'message_id'",)
Traceback (most recent call last):
  File "C:\Program Files (x86)\Python38-32\lib\site-packages\telebot\util.py", line 69, in run
    task(*args, **kwargs)
  File "C:\Users\EKAU.STARSPB\Desktop\BolnichkaBot\BB_bot.py", line 169, in get_text_messages
    @bot.clear_reply_handlers(mess)
  File "C:\Program Files (x86)\Python38-32\lib\site-packages\telebot\__init__.py", line 1598, in clear_reply_handlers
    message_id = message.message_id
AttributeError: 'str' object has no attribute 'message_id'

11.11.2020 15:13:51 goodbye ('127.0.0.1', 4599)
11.11.2020 15:13:51 listener closed
11.11.2020 15:13:51 server has terminated
11.11.2020 15:14:18 Incoming message: Его from: ID 591342003 Kathy @NoWord
11.11.2020 15:14:18 TypeError occurred, args=("'NoneType' object is not callable",)
Traceback (most recent call last):
  File "C:\Program Files (x86)\Python38-32\lib\site-packages\telebot\util.py", line 69, in run
    task(*args, **kwargs)
  File "C:\Users\EKAU.STARSPB\Desktop\BolnichkaBot\BB_bot.py", line 170, in get_text_messages
    def clear_1(message):
TypeError: 'NoneType' object is not callable

11.11.2020 15:14:20 {'game_short_name': None, 'chat_instance': '5741340203501352714', 'id': '2539794566184469672', 'from_user': {'id': 591342003, 'is_bot': False, 'first_name': 'Kathy', 'username': 'NoWord', 'last_name': None, 'language_code': 'ru', 'can_join_groups': None, 'can_read_all_group_messages': None, 'supports_inline_queries': None}, 'message': {'content_type': 'text', 'message_id': 545, 'from_user': <telebot.types.User object at 0x05B2DEB0>, 'date': 1605096859, 'chat': <telebot.types.Chat object at 0x05B2DE80>, 'forward_from': None, 'forward_from_chat': None, 'forward_from_message_id': None, 'forward_signature': None, 'forward_date': None, 'reply_to_message': None, 'edit_date': None, 'media_group_id': None, 'author_signature': None, 'text': 'Разослать это сообщение волонтерам Больнички?', 'entities': None, 'caption_entities': None, 'audio': None, 'document': None, 'photo': None, 'sticker': None, 'video': None, 'video_note': None, 'voice': None, 'caption': None, 'contact': None, 'location': None, 'venue': None, 'animation': None, 'dice': None, 'new_chat_member': None, 'new_chat_members': None, 'left_chat_member': None, 'new_chat_title': None, 'new_chat_photo': None, 'delete_chat_photo': None, 'group_chat_created': None, 'supergroup_chat_created': None, 'channel_chat_created': None, 'migrate_to_chat_id': None, 'migrate_from_chat_id': None, 'pinned_message': None, 'invoice': None, 'successful_payment': None, 'connected_website': None, 'json': {'message_id': 545, 'from': {'id': 1479116142, 'is_bot': True, 'first_name': 'Благотворительная Больничка', 'username': 'BolnichkaBot'}, 'chat': {'id': 591342003, 'first_name': 'Kathy', 'username': 'NoWord', 'type': 'private'}, 'date': 1605096859, 'text': 'Разослать это сообщение волонтерам Больнички?', 'reply_markup': {'inline_keyboard': [[{'text': 'Да', 'callback_data': 'yes'}, {'text': 'Нет', 'callback_data': 'no'}]]}}}, 'data': 'yes', 'inline_message_id': None}
11.11.2020 15:14:24 goodbye ('127.0.0.1', 4613)
11.11.2020 15:14:24 listener closed
11.11.2020 15:14:24 server has terminated
11.11.2020 15:14:30 Incoming message: Серж from: ID 591342003 Kathy @NoWord
11.11.2020 15:14:30 TypeError occurred, args=("'NoneType' object is not callable",)
Traceback (most recent call last):
  File "C:\Program Files (x86)\Python38-32\lib\site-packages\telebot\util.py", line 69, in run
    task(*args, **kwargs)
  File "C:\Users\EKAU.STARSPB\Desktop\BolnichkaBot\BB_bot.py", line 170, in get_text_messages
    def clear_1(message):
TypeError: 'NoneType' object is not callable

11.11.2020 15:14:51 goodbye ('127.0.0.1', 4621)
11.11.2020 15:14:51 listener closed
11.11.2020 15:14:51 server has terminated
11.11.2020 15:14:56 Incoming message: Верх from: ID 591342003 Kathy @NoWord
11.11.2020 15:14:57 TypeError occurred, args=("'NoneType' object is not callable",)
Traceback (most recent call last):
  File "C:\Program Files (x86)\Python38-32\lib\site-packages\telebot\util.py", line 69, in run
    task(*args, **kwargs)
  File "C:\Users\EKAU.STARSPB\Desktop\BolnichkaBot\BB_bot.py", line 170, in get_text_messages
    def clear_1(mess):
TypeError: 'NoneType' object is not callable

11.11.2020 15:15:16 goodbye ('127.0.0.1', 4625)
11.11.2020 15:15:16 listener closed
11.11.2020 15:15:16 server has terminated
11.11.2020 15:24:46 Incoming message: З меж from: ID 591342003 Kathy @NoWord
11.11.2020 15:24:46 TypeError occurred, args=("'NoneType' object is not callable",)
Traceback (most recent call last):
  File "C:\Program Files (x86)\Python38-32\lib\site-packages\telebot\util.py", line 69, in run
    task(*args, **kwargs)
  File "C:\Users\EKAU.STARSPB\Desktop\BolnichkaBot\BB_bot.py", line 170, in get_text_messages
    def clear_1(mess):
TypeError: 'NoneType' object is not callable

11.11.2020 15:24:47 TypeError occurred, args=('can only concatenate str (not "CallbackQuery") to str',)
Traceback (most recent call last):
  File "C:\Program Files (x86)\Python38-32\lib\site-packages\telebot\util.py", line 69, in run
    task(*args, **kwargs)
  File "C:\Users\EKAU.STARSPB\Desktop\BolnichkaBot\BB_bot.py", line 139, in callback_worker
    log.info('получен текст: '+call)
TypeError: can only concatenate str (not "CallbackQuery") to str

11.11.2020 15:24:54 goodbye ('127.0.0.1', 4759)
11.11.2020 15:24:54 listener closed
11.11.2020 15:24:54 server has terminated
11.11.2020 15:24:57 Incoming message: Яд from: ID 591342003 Kathy @NoWord
11.11.2020 15:24:57 TypeError occurred, args=("'NoneType' object is not callable",)
Traceback (most recent call last):
  File "C:\Program Files (x86)\Python38-32\lib\site-packages\telebot\util.py", line 69, in run
    task(*args, **kwargs)
  File "C:\Users\EKAU.STARSPB\Desktop\BolnichkaBot\BB_bot.py", line 170, in get_text_messages
    def clear_1(mess):
TypeError: 'NoneType' object is not callable

11.11.2020 15:24:58 TypeError occurred, args=('can only concatenate str (not "CallbackQuery") to str',)
Traceback (most recent call last):
  File "C:\Program Files (x86)\Python38-32\lib\site-packages\telebot\util.py", line 69, in run
    task(*args, **kwargs)
  File "C:\Users\EKAU.STARSPB\Desktop\BolnichkaBot\BB_bot.py", line 139, in callback_worker
    log.info('получен текст: '+call)
TypeError: can only concatenate str (not "CallbackQuery") to str

11.11.2020 15:25:51 goodbye ('127.0.0.1', 4764)
11.11.2020 15:25:51 listener closed
11.11.2020 15:25:51 server has terminated
11.11.2020 15:25:56 Incoming message: Вид from: ID 591342003 Kathy @NoWord
11.11.2020 15:25:56 TypeError occurred, args=("'NoneType' object is not callable",)
Traceback (most recent call last):
  File "C:\Program Files (x86)\Python38-32\lib\site-packages\telebot\util.py", line 69, in run
    task(*args, **kwargs)
  File "C:\Users\EKAU.STARSPB\Desktop\BolnichkaBot\BB_bot.py", line 170, in get_text_messages
    def clear_1(mess):
TypeError: 'NoneType' object is not callable

11.11.2020 15:27:00 goodbye ('127.0.0.1', 4774)
11.11.2020 15:27:00 listener closed
11.11.2020 15:27:00 server has terminated
11.11.2020 15:27:09 Incoming message: Яд from: ID 591342003 Kathy @NoWord
11.11.2020 15:27:09 TypeError occurred, args=("'NoneType' object is not callable",)
Traceback (most recent call last):
  File "C:\Program Files (x86)\Python38-32\lib\site-packages\telebot\util.py", line 69, in run
    task(*args, **kwargs)
  File "C:\Users\EKAU.STARSPB\Desktop\BolnichkaBot\BB_bot.py", line 170, in get_text_messages
    def clear_1():
TypeError: 'NoneType' object is not callable

11.11.2020 15:27:35 goodbye ('127.0.0.1', 4784)
11.11.2020 15:27:35 listener closed
11.11.2020 15:27:35 server has terminated
11.11.2020 15:27:39 Incoming message: Англ from: ID 591342003 Kathy @NoWord
11.11.2020 15:27:39 TypeError occurred, args=("'NoneType' object is not callable",)
Traceback (most recent call last):
  File "C:\Program Files (x86)\Python38-32\lib\site-packages\telebot\util.py", line 69, in run
    task(*args, **kwargs)
  File "C:\Users\EKAU.STARSPB\Desktop\BolnichkaBot\BB_bot.py", line 170, in get_text_messages
    def clear_1(call):
TypeError: 'NoneType' object is not callable

11.11.2020 15:28:03 goodbye ('127.0.0.1', 4798)
11.11.2020 15:28:03 listener closed
11.11.2020 15:28:03 server has terminated
11.11.2020 15:29:45 goodbye ('127.0.0.1', 4810)
11.11.2020 15:29:45 listener closed
11.11.2020 15:29:45 server has terminated
11.11.2020 15:29:49 Incoming message: Ваших from: ID 591342003 Kathy @NoWord
11.11.2020 15:30:51 goodbye ('127.0.0.1', 4825)
11.11.2020 15:30:51 listener closed
11.11.2020 15:30:51 server has terminated
11.11.2020 15:30:54 Incoming message: Аз from: ID 591342003 Kathy @NoWord
11.11.2020 15:31:38 goodbye ('127.0.0.1', 4839)
11.11.2020 15:31:38 listener closed
11.11.2020 15:31:38 server has terminated
11.11.2020 15:31:43 Incoming message: Из from: ID 591342003 Kathy @NoWord
11.11.2020 15:31:45 {'game_short_name': None, 'chat_instance': '5741340203501352714', 'id': '2539794564732708652', 'from_user': {'id': 591342003, 'is_bot': False, 'first_name': 'Kathy', 'username': 'NoWord', 'last_name': None, 'language_code': 'ru', 'can_join_groups': None, 'can_read_all_group_messages': None, 'supports_inline_queries': None}, 'message': {'content_type': 'text', 'message_id': 576, 'from_user': <telebot.types.User object at 0x05B2BFB8>, 'date': 1605097904, 'chat': <telebot.types.Chat object at 0x05B2BFA0>, 'forward_from': None, 'forward_from_chat': None, 'forward_from_message_id': None, 'forward_signature': None, 'forward_date': None, 'reply_to_message': None, 'edit_date': None, 'media_group_id': None, 'author_signature': None, 'text': 'Разослать это сообщение волонтерам Больнички?', 'entities': None, 'caption_entities': None, 'audio': None, 'document': None, 'photo': None, 'sticker': None, 'video': None, 'video_note': None, 'voice': None, 'caption': None, 'contact': None, 'location': None, 'venue': None, 'animation': None, 'dice': None, 'new_chat_member': None, 'new_chat_members': None, 'left_chat_member': None, 'new_chat_title': None, 'new_chat_photo': None, 'delete_chat_photo': None, 'group_chat_created': None, 'supergroup_chat_created': None, 'channel_chat_created': None, 'migrate_to_chat_id': None, 'migrate_from_chat_id': None, 'pinned_message': None, 'invoice': None, 'successful_payment': None, 'connected_website': None, 'json': {'message_id': 576, 'from': {'id': 1479116142, 'is_bot': True, 'first_name': 'Благотворительная Больничка', 'username': 'BolnichkaBot'}, 'chat': {'id': 591342003, 'first_name': 'Kathy', 'username': 'NoWord', 'type': 'private'}, 'date': 1605097904, 'text': 'Разослать это сообщение волонтерам Больнички?', 'reply_markup': {'inline_keyboard': [[{'text': 'Да', 'callback_data': 'yes'}, {'text': 'Нет', 'callback_data': 'no'}]]}}}, 'data': 'no', 'inline_message_id': None}
11.11.2020 15:31:49 Incoming message: Ваш from: ID 591342003 Kathy @NoWord
11.11.2020 15:31:51 {'game_short_name': None, 'chat_instance': '5741340203501352714', 'id': '2539794563883665759', 'from_user': {'id': 591342003, 'is_bot': False, 'first_name': 'Kathy', 'username': 'NoWord', 'last_name': None, 'language_code': 'ru', 'can_join_groups': None, 'can_read_all_group_messages': None, 'supports_inline_queries': None}, 'message': {'content_type': 'text', 'message_id': 579, 'from_user': <telebot.types.User object at 0x05B2BC28>, 'date': 1605097909, 'chat': <telebot.types.Chat object at 0x05B2B5B0>, 'forward_from': None, 'forward_from_chat': None, 'forward_from_message_id': None, 'forward_signature': None, 'forward_date': None, 'reply_to_message': None, 'edit_date': None, 'media_group_id': None, 'author_signature': None, 'text': 'Разослать это сообщение волонтерам Больнички?', 'entities': None, 'caption_entities': None, 'audio': None, 'document': None, 'photo': None, 'sticker': None, 'video': None, 'video_note': None, 'voice': None, 'caption': None, 'contact': None, 'location': None, 'venue': None, 'animation': None, 'dice': None, 'new_chat_member': None, 'new_chat_members': None, 'left_chat_member': None, 'new_chat_title': None, 'new_chat_photo': None, 'delete_chat_photo': None, 'group_chat_created': None, 'supergroup_chat_created': None, 'channel_chat_created': None, 'migrate_to_chat_id': None, 'migrate_from_chat_id': None, 'pinned_message': None, 'invoice': None, 'successful_payment': None, 'connected_website': None, 'json': {'message_id': 579, 'from': {'id': 1479116142, 'is_bot': True, 'first_name': 'Благотворительная Больничка', 'username': 'BolnichkaBot'}, 'chat': {'id': 591342003, 'first_name': 'Kathy', 'username': 'NoWord', 'type': 'private'}, 'date': 1605097909, 'text': 'Разослать это сообщение волонтерам Больнички?', 'reply_markup': {'inline_keyboard': [[{'text': 'Да', 'callback_data': 'yes'}, {'text': 'Нет', 'callback_data': 'no'}]]}}}, 'data': 'yes', 'inline_message_id': None}
11.11.2020 15:32:10 goodbye ('127.0.0.1', 4849)
11.11.2020 15:32:10 listener closed
11.11.2020 15:32:10 server has terminated
11.11.2020 15:32:13 Incoming message: Привет from: ID 591342003 Kathy @NoWord
11.11.2020 15:32:17 Incoming message: Аз from: ID 591342003 Kathy @NoWord
11.11.2020 15:32:18 {'game_short_name': None, 'chat_instance': '5741340203501352714', 'id': '2539794565952177100', 'from_user': {'id': 591342003, 'is_bot': False, 'first_name': 'Kathy', 'username': 'NoWord', 'last_name': None, 'language_code': 'ru', 'can_join_groups': None, 'can_read_all_group_messages': None, 'supports_inline_queries': None}, 'message': {'content_type': 'text', 'message_id': 588, 'from_user': <telebot.types.User object at 0x05B2CE20>, 'date': 1605097937, 'chat': <telebot.types.Chat object at 0x05B2C4A8>, 'forward_from': None, 'forward_from_chat': None, 'forward_from_message_id': None, 'forward_signature': None, 'forward_date': None, 'reply_to_message': None, 'edit_date': None, 'media_group_id': None, 'author_signature': None, 'text': 'Разослать это сообщение волонтерам Больнички?', 'entities': None, 'caption_entities': None, 'audio': None, 'document': None, 'photo': None, 'sticker': None, 'video': None, 'video_note': None, 'voice': None, 'caption': None, 'contact': None, 'location': None, 'venue': None, 'animation': None, 'dice': None, 'new_chat_member': None, 'new_chat_members': None, 'left_chat_member': None, 'new_chat_title': None, 'new_chat_photo': None, 'delete_chat_photo': None, 'group_chat_created': None, 'supergroup_chat_created': None, 'channel_chat_created': None, 'migrate_to_chat_id': None, 'migrate_from_chat_id': None, 'pinned_message': None, 'invoice': None, 'successful_payment': None, 'connected_website': None, 'json': {'message_id': 588, 'from': {'id': 1479116142, 'is_bot': True, 'first_name': 'Благотворительная Больничка', 'username': 'BolnichkaBot'}, 'chat': {'id': 591342003, 'first_name': 'Kathy', 'username': 'NoWord', 'type': 'private'}, 'date': 1605097937, 'text': 'Разослать это сообщение волонтерам Больнички?', 'reply_markup': {'inline_keyboard': [[{'text': 'Да', 'callback_data': 'yes'}, {'text': 'Нет', 'callback_data': 'no'}]]}}}, 'data': 'yes', 'inline_message_id': None}
11.11.2020 15:32:26 Incoming message: Привет from: ID 591342003 Kathy @NoWord
11.11.2020 15:32:32 Incoming message: Ваш брак по from: ID 591342003 Kathy @NoWord
11.11.2020 15:32:33 {'game_short_name': None, 'chat_instance': '5741340203501352714', 'id': '2539794567289214797', 'from_user': {'id': 591342003, 'is_bot': False, 'first_name': 'Kathy', 'username': 'NoWord', 'last_name': None, 'language_code': 'ru', 'can_join_groups': None, 'can_read_all_group_messages': None, 'supports_inline_queries': None}, 'message': {'content_type': 'text', 'message_id': 597, 'from_user': <telebot.types.User object at 0x05B2CE20>, 'date': 1605097952, 'chat': <telebot.types.Chat object at 0x05BFF820>, 'forward_from': None, 'forward_from_chat': None, 'forward_from_message_id': None, 'forward_signature': None, 'forward_date': None, 'reply_to_message': None, 'edit_date': None, 'media_group_id': None, 'author_signature': None, 'text': 'Разослать это сообщение волонтерам Больнички?', 'entities': None, 'caption_entities': None, 'audio': None, 'document': None, 'photo': None, 'sticker': None, 'video': None, 'video_note': None, 'voice': None, 'caption': None, 'contact': None, 'location': None, 'venue': None, 'animation': None, 'dice': None, 'new_chat_member': None, 'new_chat_members': None, 'left_chat_member': None, 'new_chat_title': None, 'new_chat_photo': None, 'delete_chat_photo': None, 'group_chat_created': None, 'supergroup_chat_created': None, 'channel_chat_created': None, 'migrate_to_chat_id': None, 'migrate_from_chat_id': None, 'pinned_message': None, 'invoice': None, 'successful_payment': None, 'connected_website': None, 'json': {'message_id': 597, 'from': {'id': 1479116142, 'is_bot': True, 'first_name': 'Благотворительная Больничка', 'username': 'BolnichkaBot'}, 'chat': {'id': 591342003, 'first_name': 'Kathy', 'username': 'NoWord', 'type': 'private'}, 'date': 1605097952, 'text': 'Разослать это сообщение волонтерам Больнички?', 'reply_markup': {'inline_keyboard': [[{'text': 'Да', 'callback_data': 'yes'}, {'text': 'Нет', 'callback_data': 'no'}]]}}}, 'data': 'yes', 'inline_message_id': None}
11.11.2020 15:32:43 Incoming message: Привет from: ID 591342003 Kathy @NoWord
11.11.2020 15:32:46 Incoming message: Сказочные from: ID 591342003 Kathy @NoWord
11.11.2020 15:32:47 {'game_short_name': None, 'chat_instance': '5741340203501352714', 'id': '2539794564560311321', 'from_user': {'id': 591342003, 'is_bot': False, 'first_name': 'Kathy', 'username': 'NoWord', 'last_name': None, 'language_code': 'ru', 'can_join_groups': None, 'can_read_all_group_messages': None, 'supports_inline_queries': None}, 'message': {'content_type': 'text', 'message_id': 606, 'from_user': <telebot.types.User object at 0x05BFF6B8>, 'date': 1605097966, 'chat': <telebot.types.Chat object at 0x05BFF820>, 'forward_from': None, 'forward_from_chat': None, 'forward_from_message_id': None, 'forward_signature': None, 'forward_date': None, 'reply_to_message': None, 'edit_date': None, 'media_group_id': None, 'author_signature': None, 'text': 'Разослать это сообщение волонтерам Больнички?', 'entities': None, 'caption_entities': None, 'audio': None, 'document': None, 'photo': None, 'sticker': None, 'video': None, 'video_note': None, 'voice': None, 'caption': None, 'contact': None, 'location': None, 'venue': None, 'animation': None, 'dice': None, 'new_chat_member': None, 'new_chat_members': None, 'left_chat_member': None, 'new_chat_title': None, 'new_chat_photo': None, 'delete_chat_photo': None, 'group_chat_created': None, 'supergroup_chat_created': None, 'channel_chat_created': None, 'migrate_to_chat_id': None, 'migrate_from_chat_id': None, 'pinned_message': None, 'invoice': None, 'successful_payment': None, 'connected_website': None, 'json': {'message_id': 606, 'from': {'id': 1479116142, 'is_bot': True, 'first_name': 'Благотворительная Больничка', 'username': 'BolnichkaBot'}, 'chat': {'id': 591342003, 'first_name': 'Kathy', 'username': 'NoWord', 'type': 'private'}, 'date': 1605097966, 'text': 'Разослать это сообщение волонтерам Больнички?', 'reply_markup': {'inline_keyboard': [[{'text': 'Да', 'callback_data': 'yes'}, {'text': 'Нет', 'callback_data': 'no'}]]}}}, 'data': 'yes', 'inline_message_id': None}
11.11.2020 15:32:59 Incoming message: /start from: ID 591342003 Kathy @NoWord
11.11.2020 15:33:00 Incoming message: /start from: ID 591342003 Kathy @NoWord
11.11.2020 15:33:05 Incoming message: Visit to from: ID 591342003 Kathy @NoWord
11.11.2020 15:33:06 {'game_short_name': None, 'chat_instance': '5741340203501352714', 'id': '2539794565788130584', 'from_user': {'id': 591342003, 'is_bot': False, 'first_name': 'Kathy', 'username': 'NoWord', 'last_name': None, 'language_code': 'ru', 'can_join_groups': None, 'can_read_all_group_messages': None, 'supports_inline_queries': None}, 'message': {'content_type': 'text', 'message_id': 617, 'from_user': <telebot.types.User object at 0x05BFF388>, 'date': 1605097985, 'chat': <telebot.types.Chat object at 0x05BFF820>, 'forward_from': None, 'forward_from_chat': None, 'forward_from_message_id': None, 'forward_signature': None, 'forward_date': None, 'reply_to_message': None, 'edit_date': None, 'media_group_id': None, 'author_signature': None, 'text': 'Разослать это сообщение волонтерам Больнички?', 'entities': None, 'caption_entities': None, 'audio': None, 'document': None, 'photo': None, 'sticker': None, 'video': None, 'video_note': None, 'voice': None, 'caption': None, 'contact': None, 'location': None, 'venue': None, 'animation': None, 'dice': None, 'new_chat_member': None, 'new_chat_members': None, 'left_chat_member': None, 'new_chat_title': None, 'new_chat_photo': None, 'delete_chat_photo': None, 'group_chat_created': None, 'supergroup_chat_created': None, 'channel_chat_created': None, 'migrate_to_chat_id': None, 'migrate_from_chat_id': None, 'pinned_message': None, 'invoice': None, 'successful_payment': None, 'connected_website': None, 'json': {'message_id': 617, 'from': {'id': 1479116142, 'is_bot': True, 'first_name': 'Благотворительная Больничка', 'username': 'BolnichkaBot'}, 'chat': {'id': 591342003, 'first_name': 'Kathy', 'username': 'NoWord', 'type': 'private'}, 'date': 1605097985, 'text': 'Разослать это сообщение волонтерам Больнички?', 'reply_markup': {'inline_keyboard': [[{'text': 'Да', 'callback_data': 'yes'}, {'text': 'Нет', 'callback_data': 'no'}]]}}}, 'data': 'yes', 'inline_message_id': None}
11.11.2020 15:35:43 goodbye ('127.0.0.1', 4860)
11.11.2020 15:35:43 listener closed
11.11.2020 15:35:43 server has terminated
11.11.2020 15:35:51 Incoming message: Add co CT do oh from: ID 591342003 Kathy @NoWord
11.11.2020 15:35:52 СТАРТ ВЫЗОВА
11.11.2020 15:35:52 {'game_short_name': None, 'chat_instance': '5741340203501352714', 'id': '2539794567510471021', 'from_user': {'id': 591342003, 'is_bot': False, 'first_name': 'Kathy', 'username': 'NoWord', 'last_name': None, 'language_code': 'ru', 'can_join_groups': None, 'can_read_all_group_messages': None, 'supports_inline_queries': None}, 'message': {'content_type': 'text', 'message_id': 624, 'from_user': <telebot.types.User object at 0x05B3BFA0>, 'date': 1605098151, 'chat': <telebot.types.Chat object at 0x05B3BFE8>, 'forward_from': None, 'forward_from_chat': None, 'forward_from_message_id': None, 'forward_signature': None, 'forward_date': None, 'reply_to_message': None, 'edit_date': None, 'media_group_id': None, 'author_signature': None, 'text': 'Разослать это сообщение волонтерам Больнички?', 'entities': None, 'caption_entities': None, 'audio': None, 'document': None, 'photo': None, 'sticker': None, 'video': None, 'video_note': None, 'voice': None, 'caption': None, 'contact': None, 'location': None, 'venue': None, 'animation': None, 'dice': None, 'new_chat_member': None, 'new_chat_members': None, 'left_chat_member': None, 'new_chat_title': None, 'new_chat_photo': None, 'delete_chat_photo': None, 'group_chat_created': None, 'supergroup_chat_created': None, 'channel_chat_created': None, 'migrate_to_chat_id': None, 'migrate_from_chat_id': None, 'pinned_message': None, 'invoice': None, 'successful_payment': None, 'connected_website': None, 'json': {'message_id': 624, 'from': {'id': 1479116142, 'is_bot': True, 'first_name': 'Благотворительная Больничка', 'username': 'BolnichkaBot'}, 'chat': {'id': 591342003, 'first_name': 'Kathy', 'username': 'NoWord', 'type': 'private'}, 'date': 1605098151, 'text': 'Разослать это сообщение волонтерам Больнички?', 'reply_markup': {'inline_keyboard': [[{'text': 'Да', 'callback_data': 'yes'}, {'text': 'Нет', 'callback_data': 'no'}]]}}}, 'data': 'yes', 'inline_message_id': None}
11.11.2020 15:35:52 КОНЕЦ ВЫЗОВА
11.11.2020 15:36:00 Incoming message: Dr to Jr Dr of ft to from: ID 591342003 Kathy @NoWord
11.11.2020 15:36:01 СТАРТ ВЫЗОВА
11.11.2020 15:36:01 {'game_short_name': None, 'chat_instance': '5741340203501352714', 'id': '2539794567858411351', 'from_user': {'id': 591342003, 'is_bot': False, 'first_name': 'Kathy', 'username': 'NoWord', 'last_name': None, 'language_code': 'ru', 'can_join_groups': None, 'can_read_all_group_messages': None, 'supports_inline_queries': None}, 'message': {'content_type': 'text', 'message_id': 631, 'from_user': <telebot.types.User object at 0x05B3B700>, 'date': 1605098160, 'chat': <telebot.types.Chat object at 0x05B3BEF8>, 'forward_from': None, 'forward_from_chat': None, 'forward_from_message_id': None, 'forward_signature': None, 'forward_date': None, 'reply_to_message': None, 'edit_date': None, 'media_group_id': None, 'author_signature': None, 'text': 'Разослать это сообщение волонтерам Больнички?', 'entities': None, 'caption_entities': None, 'audio': None, 'document': None, 'photo': None, 'sticker': None, 'video': None, 'video_note': None, 'voice': None, 'caption': None, 'contact': None, 'location': None, 'venue': None, 'animation': None, 'dice': None, 'new_chat_member': None, 'new_chat_members': None, 'left_chat_member': None, 'new_chat_title': None, 'new_chat_photo': None, 'delete_chat_photo': None, 'group_chat_created': None, 'supergroup_chat_created': None, 'channel_chat_created': None, 'migrate_to_chat_id': None, 'migrate_from_chat_id': None, 'pinned_message': None, 'invoice': None, 'successful_payment': None, 'connected_website': None, 'json': {'message_id': 631, 'from': {'id': 1479116142, 'is_bot': True, 'first_name': 'Благотворительная Больничка', 'username': 'BolnichkaBot'}, 'chat': {'id': 591342003, 'first_name': 'Kathy', 'username': 'NoWord', 'type': 'private'}, 'date': 1605098160, 'text': 'Разослать это сообщение волонтерам Больнички?', 'reply_markup': {'inline_keyboard': [[{'text': 'Да', 'callback_data': 'yes'}, {'text': 'Нет', 'callback_data': 'no'}]]}}}, 'data': 'yes', 'inline_message_id': None}
11.11.2020 15:36:01 КОНЕЦ ВЫЗОВА
11.11.2020 15:36:06 Incoming message: We put from: ID 591342003 Kathy @NoWord
11.11.2020 15:36:07 СТАРТ ВЫЗОВА
11.11.2020 15:36:07 {'game_short_name': None, 'chat_instance': '5741340203501352714', 'id': '2539794566521364411', 'from_user': {'id': 591342003, 'is_bot': False, 'first_name': 'Kathy', 'username': 'NoWord', 'last_name': None, 'language_code': 'ru', 'can_join_groups': None, 'can_read_all_group_messages': None, 'supports_inline_queries': None}, 'message': {'content_type': 'text', 'message_id': 638, 'from_user': <telebot.types.User object at 0x05B716D0>, 'date': 1605098167, 'chat': <telebot.types.Chat object at 0x05B71658>, 'forward_from': None, 'forward_from_chat': None, 'forward_from_message_id': None, 'forward_signature': None, 'forward_date': None, 'reply_to_message': None, 'edit_date': None, 'media_group_id': None, 'author_signature': None, 'text': 'Разослать это сообщение волонтерам Больнички?', 'entities': None, 'caption_entities': None, 'audio': None, 'document': None, 'photo': None, 'sticker': None, 'video': None, 'video_note': None, 'voice': None, 'caption': None, 'contact': None, 'location': None, 'venue': None, 'animation': None, 'dice': None, 'new_chat_member': None, 'new_chat_members': None, 'left_chat_member': None, 'new_chat_title': None, 'new_chat_photo': None, 'delete_chat_photo': None, 'group_chat_created': None, 'supergroup_chat_created': None, 'channel_chat_created': None, 'migrate_to_chat_id': None, 'migrate_from_chat_id': None, 'pinned_message': None, 'invoice': None, 'successful_payment': None, 'connected_website': None, 'json': {'message_id': 638, 'from': {'id': 1479116142, 'is_bot': True, 'first_name': 'Благотворительная Больничка', 'username': 'BolnichkaBot'}, 'chat': {'id': 591342003, 'first_name': 'Kathy', 'username': 'NoWord', 'type': 'private'}, 'date': 1605098167, 'text': 'Разослать это сообщение волонтерам Больнички?', 'reply_markup': {'inline_keyboard': [[{'text': 'Да', 'callback_data': 'yes'}, {'text': 'Нет', 'callback_data': 'no'}]]}}}, 'data': 'yes', 'inline_message_id': None}
11.11.2020 15:36:07 КОНЕЦ ВЫЗОВА
11.11.2020 15:40:03 goodbye ('127.0.0.1', 4933)
11.11.2020 15:40:03 listener closed
11.11.2020 15:40:03 server has terminated
11.11.2020 15:40:08 Incoming message: Zing from: ID 591342003 Kathy @NoWord
11.11.2020 15:40:10 TypeError occurred, args=("callback_worker() missing 1 required positional argument: 'mess'",)
Traceback (most recent call last):
  File "C:\Program Files (x86)\Python38-32\lib\site-packages\telebot\util.py", line 69, in run
    task(*args, **kwargs)
TypeError: callback_worker() missing 1 required positional argument: 'mess'

11.11.2020 15:40:55 goodbye ('127.0.0.1', 4975)
11.11.2020 15:40:55 listener closed
11.11.2020 15:40:55 server has terminated
11.11.2020 15:41:36 Incoming message: Do from: ID 591342003 Kathy @NoWord
11.11.2020 15:42:11 goodbye ('127.0.0.1', 4991)
11.11.2020 15:42:11 listener closed
11.11.2020 15:42:11 server has terminated
11.11.2020 15:42:16 Incoming message: Do from: ID 591342003 Kathy @NoWord
11.11.2020 15:45:31 goodbye ('127.0.0.1', 4999)
11.11.2020 15:45:31 listener closed
11.11.2020 15:45:31 server has terminated
11.11.2020 15:45:35 Incoming message: Do from: ID 591342003 Kathy @NoWord
11.11.2020 15:45:36 СТАРТ ВЫЗОВА
11.11.2020 15:45:36 {'game_short_name': None, 'chat_instance': '5741340203501352714', 'id': '2539794563769022880', 'from_user': {'id': 591342003, 'is_bot': False, 'first_name': 'Kathy', 'username': 'NoWord', 'last_name': None, 'language_code': 'ru', 'can_join_groups': None, 'can_read_all_group_messages': None, 'supports_inline_queries': None}, 'message': {'content_type': 'text', 'message_id': 651, 'from_user': <telebot.types.User object at 0x05B2BC28>, 'date': 1605098735, 'chat': <telebot.types.Chat object at 0x05B2BF58>, 'forward_from': None, 'forward_from_chat': None, 'forward_from_message_id': None, 'forward_signature': None, 'forward_date': None, 'reply_to_message': None, 'edit_date': None, 'media_group_id': None, 'author_signature': None, 'text': 'Разослать это сообщение волонтерам Больнички?', 'entities': None, 'caption_entities': None, 'audio': None, 'document': None, 'photo': None, 'sticker': None, 'video': None, 'video_note': None, 'voice': None, 'caption': None, 'contact': None, 'location': None, 'venue': None, 'animation': None, 'dice': None, 'new_chat_member': None, 'new_chat_members': None, 'left_chat_member': None, 'new_chat_title': None, 'new_chat_photo': None, 'delete_chat_photo': None, 'group_chat_created': None, 'supergroup_chat_created': None, 'channel_chat_created': None, 'migrate_to_chat_id': None, 'migrate_from_chat_id': None, 'pinned_message': None, 'invoice': None, 'successful_payment': None, 'connected_website': None, 'json': {'message_id': 651, 'from': {'id': 1479116142, 'is_bot': True, 'first_name': 'Благотворительная Больничка', 'username': 'BolnichkaBot'}, 'chat': {'id': 591342003, 'first_name': 'Kathy', 'username': 'NoWord', 'type': 'private'}, 'date': 1605098735, 'text': 'Разослать это сообщение волонтерам Больнички?', 'reply_markup': {'inline_keyboard': [[{'text': 'Да', 'callback_data': 'yes'}, {'text': 'Нет', 'callback_data': 'no'}]]}}}, 'data': 'yes', 'inline_message_id': None}
11.11.2020 15:45:36 КОНЕЦ ВЫЗОВА
